Command line invocation:
    /Applications/Xcode.app/Contents/Developer/usr/bin/xcodebuild -project SpeedTracker.xcodeproj -scheme SpeedTracker build -destination "generic/platform=iOS Simulator"

2026-04-08 20:30:21.104 xcodebuild[2139:6517289] [MT] IDERunDestination: Supported platforms for the buildables in the current scheme is empty.
ComputePackagePrebuildTargetDependencyGraph

Prepare packages

CreateBuildRequest

SendProjectDescription

CreateBuildOperation

ComputeTargetDependencyGraph
note: Building targets in dependency order
note: Target dependency graph (1 target)
    Target 'SpeedTracker' in project 'SpeedTracker' (no dependencies)

GatherProvisioningInputs

CreateBuildDescription

ExecuteExternalTool /Applications/Xcode.app/Contents/Developer/Toolchains/XcodeDefault.xctoolchain/usr/bin/clang -v -E -dM -isysroot /Applications/Xcode.app/Contents/Developer/Platforms/iPhoneSimulator.platform/Developer/SDKs/iPhoneSimulator26.2.sdk -x c -c /dev/null

ExecuteExternalTool /Applications/Xcode.app/Contents/Developer/usr/bin/actool --print-asset-tag-combinations --output-format xml1 /Users/minaxi/Desktop/parth demo/SpeedTracker/SpeedTracker/Assets.xcassets

ExecuteExternalTool /Applications/Xcode.app/Contents/Developer/usr/bin/actool --version --output-format xml1

ExecuteExternalTool /Applications/Xcode.app/Contents/Developer/Toolchains/XcodeDefault.xctoolchain/usr/bin/swiftc --version

ExecuteExternalTool /Applications/Xcode.app/Contents/Developer/Toolchains/XcodeDefault.xctoolchain/usr/bin/ld -version_details

Build description signature: 04befb287629b6294b72e76a558387d5
Build description path: /Users/minaxi/Library/Developer/Xcode/DerivedData/SpeedTracker-gdcjzmlbkbrgasbvgnezbqdwkadq/Build/Intermediates.noindex/XCBuildData/04befb287629b6294b72e76a558387d5.xcbuilddata
ClangStatCache /Applications/Xcode.app/Contents/Developer/Toolchains/XcodeDefault.xctoolchain/usr/bin/clang-stat-cache /Applications/Xcode.app/Contents/Developer/Platforms/iPhoneSimulator.platform/Developer/SDKs/iPhoneSimulator26.2.sdk /Users/minaxi/Library/Developer/Xcode/DerivedData/SDKStatCaches.noindex/iphonesimulator26.2-23C57-7d00a8b37fbd7999ea79df8ebc024bf0.sdkstatcache
    cd /Users/minaxi/Desktop/parth\ demo/SpeedTracker/SpeedTracker.xcodeproj
    /Applications/Xcode.app/Contents/Developer/Toolchains/XcodeDefault.xctoolchain/usr/bin/clang-stat-cache /Applications/Xcode.app/Contents/Developer/Platforms/iPhoneSimulator.platform/Developer/SDKs/iPhoneSimulator26.2.sdk -o /Users/minaxi/Library/Developer/Xcode/DerivedData/SDKStatCaches.noindex/iphonesimulator26.2-23C57-7d00a8b37fbd7999ea79df8ebc024bf0.sdkstatcache

ProcessInfoPlistFile /Users/minaxi/Library/Developer/Xcode/DerivedData/SpeedTracker-gdcjzmlbkbrgasbvgnezbqdwkadq/Build/Products/Debug-iphonesimulator/SpeedTracker.app/Info.plist /Users/minaxi/Library/Developer/Xcode/DerivedData/SpeedTracker-gdcjzmlbkbrgasbvgnezbqdwkadq/Build/Intermediates.noindex/SpeedTracker.build/Debug-iphonesimulator/SpeedTracker.build/empty-SpeedTracker.plist (in target 'SpeedTracker' from project 'SpeedTracker')
    cd /Users/minaxi/Desktop/parth\ demo/SpeedTracker
    builtin-infoPlistUtility /Users/minaxi/Library/Developer/Xcode/DerivedData/SpeedTracker-gdcjzmlbkbrgasbvgnezbqdwkadq/Build/Intermediates.noindex/SpeedTracker.build/Debug-iphonesimulator/SpeedTracker.build/empty-SpeedTracker.plist -producttype com.apple.product-type.application -genpkginfo /Users/minaxi/Library/Developer/Xcode/DerivedData/SpeedTracker-gdcjzmlbkbrgasbvgnezbqdwkadq/Build/Products/Debug-iphonesimulator/SpeedTracker.app/PkgInfo -expandbuildsettings -format binary -platform iphonesimulator -additionalcontentfile /Users/minaxi/Library/Developer/Xcode/DerivedData/SpeedTracker-gdcjzmlbkbrgasbvgnezbqdwkadq/Build/Intermediates.noindex/SpeedTracker.build/Debug-iphonesimulator/SpeedTracker.build/assetcatalog_generated_info.plist -o /Users/minaxi/Library/Developer/Xcode/DerivedData/SpeedTracker-gdcjzmlbkbrgasbvgnezbqdwkadq/Build/Products/Debug-iphonesimulator/SpeedTracker.app/Info.plist

SwiftDriver SpeedTracker normal arm64 com.apple.xcode.tools.swift.compiler (in target 'SpeedTracker' from project 'SpeedTracker')
    cd /Users/minaxi/Desktop/parth\ demo/SpeedTracker
    builtin-SwiftDriver -- /Applications/Xcode.app/Contents/Developer/Toolchains/XcodeDefault.xctoolchain/usr/bin/swiftc -module-name SpeedTracker -Onone -enforce-exclusivity\=checked @/Users/minaxi/Library/Developer/Xcode/DerivedData/SpeedTracker-gdcjzmlbkbrgasbvgnezbqdwkadq/Build/Intermediates.noindex/SpeedTracker.build/Debug-iphonesimulator/SpeedTracker.build/Objects-normal/arm64/SpeedTracker.SwiftFileList -DDEBUG -default-isolation\=MainActor -enable-bare-slash-regex -enable-upcoming-feature DisableOutwardActorInference -enable-upcoming-feature InferSendableFromCaptures -enable-upcoming-feature GlobalActorIsolatedTypesUsability -enable-upcoming-feature MemberImportVisibility -enable-upcoming-feature InferIsolatedConformances -enable-upcoming-feature NonisolatedNonsendingByDefault -enable-experimental-feature DebugDescriptionMacro -sdk /Applications/Xcode.app/Contents/Developer/Platforms/iPhoneSimulator.platform/Developer/SDKs/iPhoneSimulator26.2.sdk -target arm64-apple-ios26.2-simulator -g -module-cache-path /Users/minaxi/Library/Developer/Xcode/DerivedData/ModuleCache.noindex -Xfrontend -serialize-debugging-options -enable-testing -index-store-path /Users/minaxi/Library/Developer/Xcode/DerivedData/SpeedTracker-gdcjzmlbkbrgasbvgnezbqdwkadq/Index.noindex/DataStore -Xcc -D_LIBCPP_HARDENING_MODE\=_LIBCPP_HARDENING_MODE_DEBUG -swift-version 5 -I /Users/minaxi/Library/Developer/Xcode/DerivedData/SpeedTracker-gdcjzmlbkbrgasbvgnezbqdwkadq/Build/Products/Debug-iphonesimulator -F /Users/minaxi/Library/Developer/Xcode/DerivedData/SpeedTracker-gdcjzmlbkbrgasbvgnezbqdwkadq/Build/Products/Debug-iphonesimulator -emit-localized-strings -emit-localized-strings-path /Users/minaxi/Library/Developer/Xcode/DerivedData/SpeedTracker-gdcjzmlbkbrgasbvgnezbqdwkadq/Build/Intermediates.noindex/SpeedTracker.build/Debug-iphonesimulator/SpeedTracker.build/Objects-normal/arm64 -c -j10 -enable-batch-mode -incremental -Xcc -ivfsstatcache -Xcc /Users/minaxi/Library/Developer/Xcode/DerivedData/SDKStatCaches.noindex/iphonesimulator26.2-23C57-7d00a8b37fbd7999ea79df8ebc024bf0.sdkstatcache -output-file-map /Users/minaxi/Library/Developer/Xcode/DerivedData/SpeedTracker-gdcjzmlbkbrgasbvgnezbqdwkadq/Build/Intermediates.noindex/SpeedTracker.build/Debug-iphonesimulator/SpeedTracker.build/Objects-normal/arm64/SpeedTracker-OutputFileMap.json -use-frontend-parseable-output -save-temps -no-color-diagnostics -explicit-module-build -module-cache-path /Users/minaxi/Library/Developer/Xcode/DerivedData/SpeedTracker-gdcjzmlbkbrgasbvgnezbqdwkadq/Build/Intermediates.noindex/SwiftExplicitPrecompiledModules -clang-scanner-module-cache-path /Users/minaxi/Library/Developer/Xcode/DerivedData/ModuleCache.noindex -sdk-module-cache-path /Users/minaxi/Library/Developer/Xcode/DerivedData/ModuleCache.noindex -serialize-diagnostics -emit-dependencies -emit-module -emit-module-path /Users/minaxi/Library/Developer/Xcode/DerivedData/SpeedTracker-gdcjzmlbkbrgasbvgnezbqdwkadq/Build/Intermediates.noindex/SpeedTracker.build/Debug-iphonesimulator/SpeedTracker.build/Objects-normal/arm64/SpeedTracker.swiftmodule -validate-clang-modules-once -clang-build-session-file /Users/minaxi/Library/Developer/Xcode/DerivedData/ModuleCache.noindex/Session.modulevalidation -Xcc -I/Users/minaxi/Library/Developer/Xcode/DerivedData/SpeedTracker-gdcjzmlbkbrgasbvgnezbqdwkadq/Build/Intermediates.noindex/SpeedTracker.build/Debug-iphonesimulator/SpeedTracker.build/swift-overrides.hmap -emit-const-values -Xfrontend -const-gather-protocols-file -Xfrontend /Users/minaxi/Library/Developer/Xcode/DerivedData/SpeedTracker-gdcjzmlbkbrgasbvgnezbqdwkadq/Build/Intermediates.noindex/SpeedTracker.build/Debug-iphonesimulator/SpeedTracker.build/Objects-normal/arm64/SpeedTracker_const_extract_protocols.json -Xcc -iquote -Xcc /Users/minaxi/Library/Developer/Xcode/DerivedData/SpeedTracker-gdcjzmlbkbrgasbvgnezbqdwkadq/Build/Intermediates.noindex/SpeedTracker.build/Debug-iphonesimulator/SpeedTracker.build/SpeedTracker-generated-files.hmap -Xcc -I/Users/minaxi/Library/Developer/Xcode/DerivedData/SpeedTracker-gdcjzmlbkbrgasbvgnezbqdwkadq/Build/Intermediates.noindex/SpeedTracker.build/Debug-iphonesimulator/SpeedTracker.build/SpeedTracker-own-target-headers.hmap -Xcc -I/Users/minaxi/Library/Developer/Xcode/DerivedData/SpeedTracker-gdcjzmlbkbrgasbvgnezbqdwkadq/Build/Intermediates.noindex/SpeedTracker.build/Debug-iphonesimulator/SpeedTracker.build/SpeedTracker-all-target-headers.hmap -Xcc -iquote -Xcc /Users/minaxi/Library/Developer/Xcode/DerivedData/SpeedTracker-gdcjzmlbkbrgasbvgnezbqdwkadq/Build/Intermediates.noindex/SpeedTracker.build/Debug-iphonesimulator/SpeedTracker.build/SpeedTracker-project-headers.hmap -Xcc -I/Users/minaxi/Library/Developer/Xcode/DerivedData/SpeedTracker-gdcjzmlbkbrgasbvgnezbqdwkadq/Build/Products/Debug-iphonesimulator/include -Xcc -I/Users/minaxi/Library/Developer/Xcode/DerivedData/SpeedTracker-gdcjzmlbkbrgasbvgnezbqdwkadq/Build/Intermediates.noindex/SpeedTracker.build/Debug-iphonesimulator/SpeedTracker.build/DerivedSources-normal/arm64 -Xcc -I/Users/minaxi/Library/Developer/Xcode/DerivedData/SpeedTracker-gdcjzmlbkbrgasbvgnezbqdwkadq/Build/Intermediates.noindex/SpeedTracker.build/Debug-iphonesimulator/SpeedTracker.build/DerivedSources/arm64 -Xcc -I/Users/minaxi/Library/Developer/Xcode/DerivedData/SpeedTracker-gdcjzmlbkbrgasbvgnezbqdwkadq/Build/Intermediates.noindex/SpeedTracker.build/Debug-iphonesimulator/SpeedTracker.build/DerivedSources -Xcc -DDEBUG\=1 -emit-objc-header -emit-objc-header-path /Users/minaxi/Library/Developer/Xcode/DerivedData/SpeedTracker-gdcjzmlbkbrgasbvgnezbqdwkadq/Build/Intermediates.noindex/SpeedTracker.build/Debug-iphonesimulator/SpeedTracker.build/Objects-normal/arm64/SpeedTracker-Swift.h -working-directory /Users/minaxi/Desktop/parth\ demo/SpeedTracker -experimental-emit-module-separately -disable-cmo

SwiftDriver SpeedTracker normal x86_64 com.apple.xcode.tools.swift.compiler (in target 'SpeedTracker' from project 'SpeedTracker')
    cd /Users/minaxi/Desktop/parth\ demo/SpeedTracker
    builtin-SwiftDriver -- /Applications/Xcode.app/Contents/Developer/Toolchains/XcodeDefault.xctoolchain/usr/bin/swiftc -module-name SpeedTracker -Onone -enforce-exclusivity\=checked @/Users/minaxi/Library/Developer/Xcode/DerivedData/SpeedTracker-gdcjzmlbkbrgasbvgnezbqdwkadq/Build/Intermediates.noindex/SpeedTracker.build/Debug-iphonesimulator/SpeedTracker.build/Objects-normal/x86_64/SpeedTracker.SwiftFileList -DDEBUG -default-isolation\=MainActor -enable-bare-slash-regex -enable-upcoming-feature DisableOutwardActorInference -enable-upcoming-feature InferSendableFromCaptures -enable-upcoming-feature GlobalActorIsolatedTypesUsability -enable-upcoming-feature MemberImportVisibility -enable-upcoming-feature InferIsolatedConformances -enable-upcoming-feature NonisolatedNonsendingByDefault -enable-experimental-feature DebugDescriptionMacro -sdk /Applications/Xcode.app/Contents/Developer/Platforms/iPhoneSimulator.platform/Developer/SDKs/iPhoneSimulator26.2.sdk -target x86_64-apple-ios26.2-simulator -g -module-cache-path /Users/minaxi/Library/Developer/Xcode/DerivedData/ModuleCache.noindex -Xfrontend -serialize-debugging-options -enable-testing -index-store-path /Users/minaxi/Library/Developer/Xcode/DerivedData/SpeedTracker-gdcjzmlbkbrgasbvgnezbqdwkadq/Index.noindex/DataStore -Xcc -D_LIBCPP_HARDENING_MODE\=_LIBCPP_HARDENING_MODE_DEBUG -swift-version 5 -I /Users/minaxi/Library/Developer/Xcode/DerivedData/SpeedTracker-gdcjzmlbkbrgasbvgnezbqdwkadq/Build/Products/Debug-iphonesimulator -F /Users/minaxi/Library/Developer/Xcode/DerivedData/SpeedTracker-gdcjzmlbkbrgasbvgnezbqdwkadq/Build/Products/Debug-iphonesimulator -emit-localized-strings -emit-localized-strings-path /Users/minaxi/Library/Developer/Xcode/DerivedData/SpeedTracker-gdcjzmlbkbrgasbvgnezbqdwkadq/Build/Intermediates.noindex/SpeedTracker.build/Debug-iphonesimulator/SpeedTracker.build/Objects-normal/x86_64 -c -j10 -enable-batch-mode -incremental -Xcc -ivfsstatcache -Xcc /Users/minaxi/Library/Developer/Xcode/DerivedData/SDKStatCaches.noindex/iphonesimulator26.2-23C57-7d00a8b37fbd7999ea79df8ebc024bf0.sdkstatcache -output-file-map /Users/minaxi/Library/Developer/Xcode/DerivedData/SpeedTracker-gdcjzmlbkbrgasbvgnezbqdwkadq/Build/Intermediates.noindex/SpeedTracker.build/Debug-iphonesimulator/SpeedTracker.build/Objects-normal/x86_64/SpeedTracker-OutputFileMap.json -use-frontend-parseable-output -save-temps -no-color-diagnostics -explicit-module-build -module-cache-path /Users/minaxi/Library/Developer/Xcode/DerivedData/SpeedTracker-gdcjzmlbkbrgasbvgnezbqdwkadq/Build/Intermediates.noindex/SwiftExplicitPrecompiledModules -clang-scanner-module-cache-path /Users/minaxi/Library/Developer/Xcode/DerivedData/ModuleCache.noindex -sdk-module-cache-path /Users/minaxi/Library/Developer/Xcode/DerivedData/ModuleCache.noindex -serialize-diagnostics -emit-dependencies -emit-module -emit-module-path /Users/minaxi/Library/Developer/Xcode/DerivedData/SpeedTracker-gdcjzmlbkbrgasbvgnezbqdwkadq/Build/Intermediates.noindex/SpeedTracker.build/Debug-iphonesimulator/SpeedTracker.build/Objects-normal/x86_64/SpeedTracker.swiftmodule -validate-clang-modules-once -clang-build-session-file /Users/minaxi/Library/Developer/Xcode/DerivedData/ModuleCache.noindex/Session.modulevalidation -Xcc -I/Users/minaxi/Library/Developer/Xcode/DerivedData/SpeedTracker-gdcjzmlbkbrgasbvgnezbqdwkadq/Build/Intermediates.noindex/SpeedTracker.build/Debug-iphonesimulator/SpeedTracker.build/swift-overrides.hmap -emit-const-values -Xfrontend -const-gather-protocols-file -Xfrontend /Users/minaxi/Library/Developer/Xcode/DerivedData/SpeedTracker-gdcjzmlbkbrgasbvgnezbqdwkadq/Build/Intermediates.noindex/SpeedTracker.build/Debug-iphonesimulator/SpeedTracker.build/Objects-normal/x86_64/SpeedTracker_const_extract_protocols.json -Xcc -iquote -Xcc /Users/minaxi/Library/Developer/Xcode/DerivedData/SpeedTracker-gdcjzmlbkbrgasbvgnezbqdwkadq/Build/Intermediates.noindex/SpeedTracker.build/Debug-iphonesimulator/SpeedTracker.build/SpeedTracker-generated-files.hmap -Xcc -I/Users/minaxi/Library/Developer/Xcode/DerivedData/SpeedTracker-gdcjzmlbkbrgasbvgnezbqdwkadq/Build/Intermediates.noindex/SpeedTracker.build/Debug-iphonesimulator/SpeedTracker.build/SpeedTracker-own-target-headers.hmap -Xcc -I/Users/minaxi/Library/Developer/Xcode/DerivedData/SpeedTracker-gdcjzmlbkbrgasbvgnezbqdwkadq/Build/Intermediates.noindex/SpeedTracker.build/Debug-iphonesimulator/SpeedTracker.build/SpeedTracker-all-target-headers.hmap -Xcc -iquote -Xcc /Users/minaxi/Library/Developer/Xcode/DerivedData/SpeedTracker-gdcjzmlbkbrgasbvgnezbqdwkadq/Build/Intermediates.noindex/SpeedTracker.build/Debug-iphonesimulator/SpeedTracker.build/SpeedTracker-project-headers.hmap -Xcc -I/Users/minaxi/Library/Developer/Xcode/DerivedData/SpeedTracker-gdcjzmlbkbrgasbvgnezbqdwkadq/Build/Products/Debug-iphonesimulator/include -Xcc -I/Users/minaxi/Library/Developer/Xcode/DerivedData/SpeedTracker-gdcjzmlbkbrgasbvgnezbqdwkadq/Build/Intermediates.noindex/SpeedTracker.build/Debug-iphonesimulator/SpeedTracker.build/DerivedSources-normal/x86_64 -Xcc -I/Users/minaxi/Library/Developer/Xcode/DerivedData/SpeedTracker-gdcjzmlbkbrgasbvgnezbqdwkadq/Build/Intermediates.noindex/SpeedTracker.build/Debug-iphonesimulator/SpeedTracker.build/DerivedSources/x86_64 -Xcc -I/Users/minaxi/Library/Developer/Xcode/DerivedData/SpeedTracker-gdcjzmlbkbrgasbvgnezbqdwkadq/Build/Intermediates.noindex/SpeedTracker.build/Debug-iphonesimulator/SpeedTracker.build/DerivedSources -Xcc -DDEBUG\=1 -emit-objc-header -emit-objc-header-path /Users/minaxi/Library/Developer/Xcode/DerivedData/SpeedTracker-gdcjzmlbkbrgasbvgnezbqdwkadq/Build/Intermediates.noindex/SpeedTracker.build/Debug-iphonesimulator/SpeedTracker.build/Objects-normal/x86_64/SpeedTracker-Swift.h -working-directory /Users/minaxi/Desktop/parth\ demo/SpeedTracker -experimental-emit-module-separately -disable-cmo

SwiftCompile normal arm64 Compiling\ View+Extensions.swift,\ TripRecord.swift /Users/minaxi/Desktop/parth\ demo/SpeedTracker/SpeedTracker/Extensions/View+Extensions.swift /Users/minaxi/Desktop/parth\ demo/SpeedTracker/SpeedTracker/Models/TripRecord.swift (in target 'SpeedTracker' from project 'SpeedTracker')

SwiftCompile normal arm64 /Users/minaxi/Desktop/parth\ demo/SpeedTracker/SpeedTracker/Extensions/View+Extensions.swift (in target 'SpeedTracker' from project 'SpeedTracker')
    cd /Users/minaxi/Desktop/parth\ demo/SpeedTracker
    

SwiftCompile normal arm64 /Users/minaxi/Desktop/parth\ demo/SpeedTracker/SpeedTracker/Models/TripRecord.swift (in target 'SpeedTracker' from project 'SpeedTracker')
    cd /Users/minaxi/Desktop/parth\ demo/SpeedTracker
    

SwiftCompile normal arm64 Compiling\ LanguageSelectionView.swift,\ OnboardingContainerView.swift /Users/minaxi/Desktop/parth\ demo/SpeedTracker/SpeedTracker/Views/Onboarding/LanguageSelectionView.swift /Users/minaxi/Desktop/parth\ demo/SpeedTracker/SpeedTracker/Views/Onboarding/OnboardingContainerView.swift (in target 'SpeedTracker' from project 'SpeedTracker')
SwiftCompile normal arm64 /Users/minaxi/Desktop/parth\ demo/SpeedTracker/SpeedTracker/Views/Onboarding/LanguageSelectionView.swift (in target 'SpeedTracker' from project 'SpeedTracker')
    cd /Users/minaxi/Desktop/parth\ demo/SpeedTracker
    

SwiftCompile normal arm64 /Users/minaxi/Desktop/parth\ demo/SpeedTracker/SpeedTracker/Views/Onboarding/OnboardingContainerView.swift (in target 'SpeedTracker' from project 'SpeedTracker')
    cd /Users/minaxi/Desktop/parth\ demo/SpeedTracker
    

SwiftCompile normal arm64 Compiling\ MainTabView.swift,\ SpeedTrackerView.swift /Users/minaxi/Desktop/parth\ demo/SpeedTracker/SpeedTracker/Views/Main/MainTabView.swift /Users/minaxi/Desktop/parth\ demo/SpeedTracker/SpeedTracker/Views/Main/SpeedTrackerView.swift (in target 'SpeedTracker' from project 'SpeedTracker')
SwiftCompile normal arm64 /Users/minaxi/Desktop/parth\ demo/SpeedTracker/SpeedTracker/Views/Main/MainTabView.swift (in target 'SpeedTracker' from project 'SpeedTracker')
    cd /Users/minaxi/Desktop/parth\ demo/SpeedTracker
    

SwiftCompile normal arm64 /Users/minaxi/Desktop/parth\ demo/SpeedTracker/SpeedTracker/Views/Main/SpeedTrackerView.swift (in target 'SpeedTracker' from project 'SpeedTracker')
    cd /Users/minaxi/Desktop/parth\ demo/SpeedTracker
    

SwiftCompile normal arm64 Compiling\ HistoryView.swift,\ TripDetailView.swift /Users/minaxi/Desktop/parth\ demo/SpeedTracker/SpeedTracker/Views/History/HistoryView.swift /Users/minaxi/Desktop/parth\ demo/SpeedTracker/SpeedTracker/Views/History/TripDetailView.swift (in target 'SpeedTracker' from project 'SpeedTracker')
SwiftCompile normal arm64 /Users/minaxi/Desktop/parth\ demo/SpeedTracker/SpeedTracker/Views/History/HistoryView.swift (in target 'SpeedTracker' from project 'SpeedTracker')
    cd /Users/minaxi/Desktop/parth\ demo/SpeedTracker
    

SwiftCompile normal arm64 /Users/minaxi/Desktop/parth\ demo/SpeedTracker/SpeedTracker/Views/History/TripDetailView.swift (in target 'SpeedTracker' from project 'SpeedTracker')
    cd /Users/minaxi/Desktop/parth\ demo/SpeedTracker
    

SwiftCompile normal arm64 Compiling\ LocationManager.swift,\ TripStore.swift /Users/minaxi/Desktop/parth\ demo/SpeedTracker/SpeedTracker/Services/Location/LocationManager.swift /Users/minaxi/Desktop/parth\ demo/SpeedTracker/SpeedTracker/Services/Storage/TripStore.swift (in target 'SpeedTracker' from project 'SpeedTracker')

SwiftCompile normal arm64 /Users/minaxi/Desktop/parth\ demo/SpeedTracker/SpeedTracker/Services/Location/LocationManager.swift (in target 'SpeedTracker' from project 'SpeedTracker')
    cd /Users/minaxi/Desktop/parth\ demo/SpeedTracker
    
/Users/minaxi/Desktop/parth demo/SpeedTracker/SpeedTracker/Services/Location/LocationManager.swift:78:27: warning: reference to captured var 'self' in concurrently-executing code; this is an error in the Swift 6 language mode
                guard let self, let start = self.trackingStartTime else { return }
                          ^

SwiftCompile normal arm64 /Users/minaxi/Desktop/parth\ demo/SpeedTracker/SpeedTracker/Services/Storage/TripStore.swift (in target 'SpeedTracker' from project 'SpeedTracker')
    cd /Users/minaxi/Desktop/parth\ demo/SpeedTracker
    

SwiftCompile normal arm64 Compiling\ NotificationManager.swift,\ Constants.swift /Users/minaxi/Desktop/parth\ demo/SpeedTracker/SpeedTracker/Services/NotificationManager.swift /Users/minaxi/Desktop/parth\ demo/SpeedTracker/SpeedTracker/Utilities/Constants.swift (in target 'SpeedTracker' from project 'SpeedTracker')

SwiftCompile normal arm64 /Users/minaxi/Desktop/parth\ demo/SpeedTracker/SpeedTracker/Services/NotificationManager.swift (in target 'SpeedTracker' from project 'SpeedTracker')
    cd /Users/minaxi/Desktop/parth\ demo/SpeedTracker
    

SwiftCompile normal arm64 /Users/minaxi/Desktop/parth\ demo/SpeedTracker/SpeedTracker/Utilities/Constants.swift (in target 'SpeedTracker' from project 'SpeedTracker')
    cd /Users/minaxi/Desktop/parth\ demo/SpeedTracker
    

SwiftCompile normal arm64 Compiling\ OnboardingPageView.swift,\ PaywallView.swift /Users/minaxi/Desktop/parth\ demo/SpeedTracker/SpeedTracker/Views/Onboarding/OnboardingPageView.swift /Users/minaxi/Desktop/parth\ demo/SpeedTracker/SpeedTracker/Views/Onboarding/PaywallView.swift (in target 'SpeedTracker' from project 'SpeedTracker')

SwiftCompile normal arm64 /Users/minaxi/Desktop/parth\ demo/SpeedTracker/SpeedTracker/Views/Onboarding/OnboardingPageView.swift (in target 'SpeedTracker' from project 'SpeedTracker')
    cd /Users/minaxi/Desktop/parth\ demo/SpeedTracker
    

SwiftCompile normal arm64 /Users/minaxi/Desktop/parth\ demo/SpeedTracker/SpeedTracker/Views/Onboarding/PaywallView.swift (in target 'SpeedTracker' from project 'SpeedTracker')
    cd /Users/minaxi/Desktop/parth\ demo/SpeedTracker
    

SwiftCompile normal arm64 Compiling\ PermissionsView.swift,\ PreferencesSetupView.swift /Users/minaxi/Desktop/parth\ demo/SpeedTracker/SpeedTracker/Views/Onboarding/PermissionsView.swift /Users/minaxi/Desktop/parth\ demo/SpeedTracker/SpeedTracker/Views/Onboarding/PreferencesSetupView.swift (in target 'SpeedTracker' from project 'SpeedTracker')

SwiftCompile normal arm64 /Users/minaxi/Desktop/parth\ demo/SpeedTracker/SpeedTracker/Views/Onboarding/PermissionsView.swift (in target 'SpeedTracker' from project 'SpeedTracker')
    cd /Users/minaxi/Desktop/parth\ demo/SpeedTracker
    

SwiftCompile normal arm64 /Users/minaxi/Desktop/parth\ demo/SpeedTracker/SpeedTracker/Views/Onboarding/PreferencesSetupView.swift (in target 'SpeedTracker' from project 'SpeedTracker')
    cd /Users/minaxi/Desktop/parth\ demo/SpeedTracker
    

SwiftEmitModule normal arm64 Emitting\ module\ for\ SpeedTracker (in target 'SpeedTracker' from project 'SpeedTracker')

EmitSwiftModule normal arm64 (in target 'SpeedTracker' from project 'SpeedTracker')
    cd /Users/minaxi/Desktop/parth\ demo/SpeedTracker
    

SwiftCompile normal arm64 Compiling\ SettingsView.swift,\ SpeedTrackerApp.swift /Users/minaxi/Desktop/parth\ demo/SpeedTracker/SpeedTracker/Views/Settings/SettingsView.swift /Users/minaxi/Desktop/parth\ demo/SpeedTracker/SpeedTracker/SpeedTrackerApp.swift (in target 'SpeedTracker' from project 'SpeedTracker')

SwiftCompile normal arm64 /Users/minaxi/Desktop/parth\ demo/SpeedTracker/SpeedTracker/Views/Settings/SettingsView.swift (in target 'SpeedTracker' from project 'SpeedTracker')
    cd /Users/minaxi/Desktop/parth\ demo/SpeedTracker
    

SwiftCompile normal arm64 /Users/minaxi/Desktop/parth\ demo/SpeedTracker/SpeedTracker/SpeedTrackerApp.swift (in target 'SpeedTracker' from project 'SpeedTracker')
    cd /Users/minaxi/Desktop/parth\ demo/SpeedTracker
    

SwiftEmitModule normal x86_64 Emitting\ module\ for\ SpeedTracker (in target 'SpeedTracker' from project 'SpeedTracker')

EmitSwiftModule normal x86_64 (in target 'SpeedTracker' from project 'SpeedTracker')
    cd /Users/minaxi/Desktop/parth\ demo/SpeedTracker
    

SwiftDriverJobDiscovery normal arm64 Compiling NotificationManager.swift, Constants.swift (in target 'SpeedTracker' from project 'SpeedTracker')

SwiftCompile normal x86_64 Compiling\ SpeedTrackerView.swift /Users/minaxi/Desktop/parth\ demo/SpeedTracker/SpeedTracker/Views/Main/SpeedTrackerView.swift (in target 'SpeedTracker' from project 'SpeedTracker')

SwiftCompile normal x86_64 /Users/minaxi/Desktop/parth\ demo/SpeedTracker/SpeedTracker/Views/Main/SpeedTrackerView.swift (in target 'SpeedTracker' from project 'SpeedTracker')
    cd /Users/minaxi/Desktop/parth\ demo/SpeedTracker
    

SwiftDriverJobDiscovery normal arm64 Compiling LocationManager.swift, TripStore.swift (in target 'SpeedTracker' from project 'SpeedTracker')

SwiftCompile normal x86_64 Compiling\ TripRecord.swift /Users/minaxi/Desktop/parth\ demo/SpeedTracker/SpeedTracker/Models/TripRecord.swift (in target 'SpeedTracker' from project 'SpeedTracker')

SwiftCompile normal x86_64 /Users/minaxi/Desktop/parth\ demo/SpeedTracker/SpeedTracker/Models/TripRecord.swift (in target 'SpeedTracker' from project 'SpeedTracker')
    cd /Users/minaxi/Desktop/parth\ demo/SpeedTracker
    

SwiftDriverJobDiscovery normal arm64 Compiling View+Extensions.swift, TripRecord.swift (in target 'SpeedTracker' from project 'SpeedTracker')

SwiftCompile normal arm64 Compiling\ OnboardingPage.swift /Users/minaxi/Desktop/parth\ demo/SpeedTracker/SpeedTracker/Models/OnboardingPage.swift (in target 'SpeedTracker' from project 'SpeedTracker')

SwiftCompile normal arm64 /Users/minaxi/Desktop/parth\ demo/SpeedTracker/SpeedTracker/Models/OnboardingPage.swift (in target 'SpeedTracker' from project 'SpeedTracker')
    cd /Users/minaxi/Desktop/parth\ demo/SpeedTracker
    

SwiftDriverJobDiscovery normal arm64 Emitting module for SpeedTracker (in target 'SpeedTracker' from project 'SpeedTracker')

SwiftDriver\ Compilation\ Requirements SpeedTracker normal arm64 com.apple.xcode.tools.swift.compiler (in target 'SpeedTracker' from project 'SpeedTracker')
    cd /Users/minaxi/Desktop/parth\ demo/SpeedTracker
    builtin-Swift-Compilation-Requirements -- /Applications/Xcode.app/Contents/Developer/Toolchains/XcodeDefault.xctoolchain/usr/bin/swiftc -module-name SpeedTracker -Onone -enforce-exclusivity\=checked @/Users/minaxi/Library/Developer/Xcode/DerivedData/SpeedTracker-gdcjzmlbkbrgasbvgnezbqdwkadq/Build/Intermediates.noindex/SpeedTracker.build/Debug-iphonesimulator/SpeedTracker.build/Objects-normal/arm64/SpeedTracker.SwiftFileList -DDEBUG -default-isolation\=MainActor -enable-bare-slash-regex -enable-upcoming-feature DisableOutwardActorInference -enable-upcoming-feature InferSendableFromCaptures -enable-upcoming-feature GlobalActorIsolatedTypesUsability -enable-upcoming-feature MemberImportVisibility -enable-upcoming-feature InferIsolatedConformances -enable-upcoming-feature NonisolatedNonsendingByDefault -enable-experimental-feature DebugDescriptionMacro -sdk /Applications/Xcode.app/Contents/Developer/Platforms/iPhoneSimulator.platform/Developer/SDKs/iPhoneSimulator26.2.sdk -target arm64-apple-ios26.2-simulator -g -module-cache-path /Users/minaxi/Library/Developer/Xcode/DerivedData/ModuleCache.noindex -Xfrontend -serialize-debugging-options -enable-testing -index-store-path /Users/minaxi/Library/Developer/Xcode/DerivedData/SpeedTracker-gdcjzmlbkbrgasbvgnezbqdwkadq/Index.noindex/DataStore -Xcc -D_LIBCPP_HARDENING_MODE\=_LIBCPP_HARDENING_MODE_DEBUG -swift-version 5 -I /Users/minaxi/Library/Developer/Xcode/DerivedData/SpeedTracker-gdcjzmlbkbrgasbvgnezbqdwkadq/Build/Products/Debug-iphonesimulator -F /Users/minaxi/Library/Developer/Xcode/DerivedData/SpeedTracker-gdcjzmlbkbrgasbvgnezbqdwkadq/Build/Products/Debug-iphonesimulator -emit-localized-strings -emit-localized-strings-path /Users/minaxi/Library/Developer/Xcode/DerivedData/SpeedTracker-gdcjzmlbkbrgasbvgnezbqdwkadq/Build/Intermediates.noindex/SpeedTracker.build/Debug-iphonesimulator/SpeedTracker.build/Objects-normal/arm64 -c -j10 -enable-batch-mode -incremental -Xcc -ivfsstatcache -Xcc /Users/minaxi/Library/Developer/Xcode/DerivedData/SDKStatCaches.noindex/iphonesimulator26.2-23C57-7d00a8b37fbd7999ea79df8ebc024bf0.sdkstatcache -output-file-map /Users/minaxi/Library/Developer/Xcode/DerivedData/SpeedTracker-gdcjzmlbkbrgasbvgnezbqdwkadq/Build/Intermediates.noindex/SpeedTracker.build/Debug-iphonesimulator/SpeedTracker.build/Objects-normal/arm64/SpeedTracker-OutputFileMap.json -use-frontend-parseable-output -save-temps -no-color-diagnostics -explicit-module-build -module-cache-path /Users/minaxi/Library/Developer/Xcode/DerivedData/SpeedTracker-gdcjzmlbkbrgasbvgnezbqdwkadq/Build/Intermediates.noindex/SwiftExplicitPrecompiledModules -clang-scanner-module-cache-path /Users/minaxi/Library/Developer/Xcode/DerivedData/ModuleCache.noindex -sdk-module-cache-path /Users/minaxi/Library/Developer/Xcode/DerivedData/ModuleCache.noindex -serialize-diagnostics -emit-dependencies -emit-module -emit-module-path /Users/minaxi/Library/Developer/Xcode/DerivedData/SpeedTracker-gdcjzmlbkbrgasbvgnezbqdwkadq/Build/Intermediates.noindex/SpeedTracker.build/Debug-iphonesimulator/SpeedTracker.build/Objects-normal/arm64/SpeedTracker.swiftmodule -validate-clang-modules-once -clang-build-session-file /Users/minaxi/Library/Developer/Xcode/DerivedData/ModuleCache.noindex/Session.modulevalidation -Xcc -I/Users/minaxi/Library/Developer/Xcode/DerivedData/SpeedTracker-gdcjzmlbkbrgasbvgnezbqdwkadq/Build/Intermediates.noindex/SpeedTracker.build/Debug-iphonesimulator/SpeedTracker.build/swift-overrides.hmap -emit-const-values -Xfrontend -const-gather-protocols-file -Xfrontend /Users/minaxi/Library/Developer/Xcode/DerivedData/SpeedTracker-gdcjzmlbkbrgasbvgnezbqdwkadq/Build/Intermediates.noindex/SpeedTracker.build/Debug-iphonesimulator/SpeedTracker.build/Objects-normal/arm64/SpeedTracker_const_extract_protocols.json -Xcc -iquote -Xcc /Users/minaxi/Library/Developer/Xcode/DerivedData/SpeedTracker-gdcjzmlbkbrgasbvgnezbqdwkadq/Build/Intermediates.noindex/SpeedTracker.build/Debug-iphonesimulator/SpeedTracker.build/SpeedTracker-generated-files.hmap -Xcc -I/Users/minaxi/Library/Developer/Xcode/DerivedData/SpeedTracker-gdcjzmlbkbrgasbvgnezbqdwkadq/Build/Intermediates.noindex/SpeedTracker.build/Debug-iphonesimulator/SpeedTracker.build/SpeedTracker-own-target-headers.hmap -Xcc -I/Users/minaxi/Library/Developer/Xcode/DerivedData/SpeedTracker-gdcjzmlbkbrgasbvgnezbqdwkadq/Build/Intermediates.noindex/SpeedTracker.build/Debug-iphonesimulator/SpeedTracker.build/SpeedTracker-all-target-headers.hmap -Xcc -iquote -Xcc /Users/minaxi/Library/Developer/Xcode/DerivedData/SpeedTracker-gdcjzmlbkbrgasbvgnezbqdwkadq/Build/Intermediates.noindex/SpeedTracker.build/Debug-iphonesimulator/SpeedTracker.build/SpeedTracker-project-headers.hmap -Xcc -I/Users/minaxi/Library/Developer/Xcode/DerivedData/SpeedTracker-gdcjzmlbkbrgasbvgnezbqdwkadq/Build/Products/Debug-iphonesimulator/include -Xcc -I/Users/minaxi/Library/Developer/Xcode/DerivedData/SpeedTracker-gdcjzmlbkbrgasbvgnezbqdwkadq/Build/Intermediates.noindex/SpeedTracker.build/Debug-iphonesimulator/SpeedTracker.build/DerivedSources-normal/arm64 -Xcc -I/Users/minaxi/Library/Developer/Xcode/DerivedData/SpeedTracker-gdcjzmlbkbrgasbvgnezbqdwkadq/Build/Intermediates.noindex/SpeedTracker.build/Debug-iphonesimulator/SpeedTracker.build/DerivedSources/arm64 -Xcc -I/Users/minaxi/Library/Developer/Xcode/DerivedData/SpeedTracker-gdcjzmlbkbrgasbvgnezbqdwkadq/Build/Intermediates.noindex/SpeedTracker.build/Debug-iphonesimulator/SpeedTracker.build/DerivedSources -Xcc -DDEBUG\=1 -emit-objc-header -emit-objc-header-path /Users/minaxi/Library/Developer/Xcode/DerivedData/SpeedTracker-gdcjzmlbkbrgasbvgnezbqdwkadq/Build/Intermediates.noindex/SpeedTracker.build/Debug-iphonesimulator/SpeedTracker.build/Objects-normal/arm64/SpeedTracker-Swift.h -working-directory /Users/minaxi/Desktop/parth\ demo/SpeedTracker -experimental-emit-module-separately -disable-cmo

SwiftDriverJobDiscovery normal arm64 Compiling OnboardingPage.swift (in target 'SpeedTracker' from project 'SpeedTracker')

SwiftCompile normal arm64 Compiling\ LocalizationManager.swift /Users/minaxi/Desktop/parth\ demo/SpeedTracker/SpeedTracker/Utilities/LocalizationManager.swift (in target 'SpeedTracker' from project 'SpeedTracker')

SwiftCompile normal arm64 /Users/minaxi/Desktop/parth\ demo/SpeedTracker/SpeedTracker/Utilities/LocalizationManager.swift (in target 'SpeedTracker' from project 'SpeedTracker')
    cd /Users/minaxi/Desktop/parth\ demo/SpeedTracker
    

Copy /Users/minaxi/Library/Developer/Xcode/DerivedData/SpeedTracker-gdcjzmlbkbrgasbvgnezbqdwkadq/Build/Products/Debug-iphonesimulator/SpeedTracker.swiftmodule/arm64-apple-ios-simulator.swiftmodule /Users/minaxi/Library/Developer/Xcode/DerivedData/SpeedTracker-gdcjzmlbkbrgasbvgnezbqdwkadq/Build/Intermediates.noindex/SpeedTracker.build/Debug-iphonesimulator/SpeedTracker.build/Objects-normal/arm64/SpeedTracker.swiftmodule (in target 'SpeedTracker' from project 'SpeedTracker')
    cd /Users/minaxi/Desktop/parth\ demo/SpeedTracker
    builtin-copy -exclude .DS_Store -exclude CVS -exclude .svn -exclude .git -exclude .hg -resolve-src-symlinks -rename /Users/minaxi/Library/Developer/Xcode/DerivedData/SpeedTracker-gdcjzmlbkbrgasbvgnezbqdwkadq/Build/Intermediates.noindex/SpeedTracker.build/Debug-iphonesimulator/SpeedTracker.build/Objects-normal/arm64/SpeedTracker.swiftmodule /Users/minaxi/Library/Developer/Xcode/DerivedData/SpeedTracker-gdcjzmlbkbrgasbvgnezbqdwkadq/Build/Products/Debug-iphonesimulator/SpeedTracker.swiftmodule/arm64-apple-ios-simulator.swiftmodule

SwiftDriverJobDiscovery normal arm64 Compiling LocalizationManager.swift (in target 'SpeedTracker' from project 'SpeedTracker')

Copy /Users/minaxi/Library/Developer/Xcode/DerivedData/SpeedTracker-gdcjzmlbkbrgasbvgnezbqdwkadq/Build/Products/Debug-iphonesimulator/SpeedTracker.swiftmodule/arm64-apple-ios-simulator.abi.json /Users/minaxi/Library/Developer/Xcode/DerivedData/SpeedTracker-gdcjzmlbkbrgasbvgnezbqdwkadq/Build/Intermediates.noindex/SpeedTracker.build/Debug-iphonesimulator/SpeedTracker.build/Objects-normal/arm64/SpeedTracker.abi.json (in target 'SpeedTracker' from project 'SpeedTracker')
    cd /Users/minaxi/Desktop/parth\ demo/SpeedTracker
    builtin-copy -exclude .DS_Store -exclude CVS -exclude .svn -exclude .git -exclude .hg -resolve-src-symlinks -rename /Users/minaxi/Library/Developer/Xcode/DerivedData/SpeedTracker-gdcjzmlbkbrgasbvgnezbqdwkadq/Build/Intermediates.noindex/SpeedTracker.build/Debug-iphonesimulator/SpeedTracker.build/Objects-normal/arm64/SpeedTracker.abi.json /Users/minaxi/Library/Developer/Xcode/DerivedData/SpeedTracker-gdcjzmlbkbrgasbvgnezbqdwkadq/Build/Products/Debug-iphonesimulator/SpeedTracker.swiftmodule/arm64-apple-ios-simulator.abi.json

Copy /Users/minaxi/Library/Developer/Xcode/DerivedData/SpeedTracker-gdcjzmlbkbrgasbvgnezbqdwkadq/Build/Products/Debug-iphonesimulator/SpeedTracker.swiftmodule/Project/arm64-apple-ios-simulator.swiftsourceinfo /Users/minaxi/Library/Developer/Xcode/DerivedData/SpeedTracker-gdcjzmlbkbrgasbvgnezbqdwkadq/Build/Intermediates.noindex/SpeedTracker.build/Debug-iphonesimulator/SpeedTracker.build/Objects-normal/arm64/SpeedTracker.swiftsourceinfo (in target 'SpeedTracker' from project 'SpeedTracker')
    cd /Users/minaxi/Desktop/parth\ demo/SpeedTracker
    builtin-copy -exclude .DS_Store -exclude CVS -exclude .svn -exclude .git -exclude .hg -resolve-src-symlinks -rename /Users/minaxi/Library/Developer/Xcode/DerivedData/SpeedTracker-gdcjzmlbkbrgasbvgnezbqdwkadq/Build/Intermediates.noindex/SpeedTracker.build/Debug-iphonesimulator/SpeedTracker.build/Objects-normal/arm64/SpeedTracker.swiftsourceinfo /Users/minaxi/Library/Developer/Xcode/DerivedData/SpeedTracker-gdcjzmlbkbrgasbvgnezbqdwkadq/Build/Products/Debug-iphonesimulator/SpeedTracker.swiftmodule/Project/arm64-apple-ios-simulator.swiftsourceinfo

SwiftCompile normal arm64 Compiling\ ThemeManager.swift /Users/minaxi/Desktop/parth\ demo/SpeedTracker/SpeedTracker/Utilities/ThemeManager.swift (in target 'SpeedTracker' from project 'SpeedTracker')

SwiftCompile normal arm64 /Users/minaxi/Desktop/parth\ demo/SpeedTracker/SpeedTracker/Utilities/ThemeManager.swift (in target 'SpeedTracker' from project 'SpeedTracker')
    cd /Users/minaxi/Desktop/parth\ demo/SpeedTracker
    

SwiftCompile normal x86_64 Compiling\ PermissionsView.swift /Users/minaxi/Desktop/parth\ demo/SpeedTracker/SpeedTracker/Views/Onboarding/PermissionsView.swift (in target 'SpeedTracker' from project 'SpeedTracker')

SwiftCompile normal x86_64 /Users/minaxi/Desktop/parth\ demo/SpeedTracker/SpeedTracker/Views/Onboarding/PermissionsView.swift (in target 'SpeedTracker' from project 'SpeedTracker')
    cd /Users/minaxi/Desktop/parth\ demo/SpeedTracker
    

SwiftDriverJobDiscovery normal x86_64 Compiling TripRecord.swift (in target 'SpeedTracker' from project 'SpeedTracker')

SwiftCompile normal x86_64 Compiling\ ContentView.swift /Users/minaxi/Desktop/parth\ demo/SpeedTracker/SpeedTracker/ContentView.swift (in target 'SpeedTracker' from project 'SpeedTracker')

SwiftCompile normal x86_64 /Users/minaxi/Desktop/parth\ demo/SpeedTracker/SpeedTracker/ContentView.swift (in target 'SpeedTracker' from project 'SpeedTracker')
    cd /Users/minaxi/Desktop/parth\ demo/SpeedTracker
    

SwiftDriverJobDiscovery normal arm64 Compiling LanguageSelectionView.swift, OnboardingContainerView.swift (in target 'SpeedTracker' from project 'SpeedTracker')

SwiftCompile normal x86_64 Compiling\ OnboardingContainerView.swift /Users/minaxi/Desktop/parth\ demo/SpeedTracker/SpeedTracker/Views/Onboarding/OnboardingContainerView.swift (in target 'SpeedTracker' from project 'SpeedTracker')

SwiftCompile normal x86_64 /Users/minaxi/Desktop/parth\ demo/SpeedTracker/SpeedTracker/Views/Onboarding/OnboardingContainerView.swift (in target 'SpeedTracker' from project 'SpeedTracker')
    cd /Users/minaxi/Desktop/parth\ demo/SpeedTracker
    

SwiftDriverJobDiscovery normal arm64 Compiling MainTabView.swift, SpeedTrackerView.swift (in target 'SpeedTracker' from project 'SpeedTracker')

SwiftCompile normal x86_64 Compiling\ TripStore.swift /Users/minaxi/Desktop/parth\ demo/SpeedTracker/SpeedTracker/Services/Storage/TripStore.swift (in target 'SpeedTracker' from project 'SpeedTracker')

SwiftCompile normal x86_64 /Users/minaxi/Desktop/parth\ demo/SpeedTracker/SpeedTracker/Services/Storage/TripStore.swift (in target 'SpeedTracker' from project 'SpeedTracker')
    cd /Users/minaxi/Desktop/parth\ demo/SpeedTracker
    

SwiftDriverJobDiscovery normal arm64 Compiling ThemeManager.swift (in target 'SpeedTracker' from project 'SpeedTracker')

SwiftCompile normal x86_64 Compiling\ PaywallView.swift /Users/minaxi/Desktop/parth\ demo/SpeedTracker/SpeedTracker/Views/Onboarding/PaywallView.swift (in target 'SpeedTracker' from project 'SpeedTracker')

SwiftCompile normal x86_64 /Users/minaxi/Desktop/parth\ demo/SpeedTracker/SpeedTracker/Views/Onboarding/PaywallView.swift (in target 'SpeedTracker' from project 'SpeedTracker')
    cd /Users/minaxi/Desktop/parth\ demo/SpeedTracker
    

SwiftDriverJobDiscovery normal x86_64 Emitting module for SpeedTracker (in target 'SpeedTracker' from project 'SpeedTracker')

SwiftDriver\ Compilation\ Requirements SpeedTracker normal x86_64 com.apple.xcode.tools.swift.compiler (in target 'SpeedTracker' from project 'SpeedTracker')
    cd /Users/minaxi/Desktop/parth\ demo/SpeedTracker
    builtin-Swift-Compilation-Requirements -- /Applications/Xcode.app/Contents/Developer/Toolchains/XcodeDefault.xctoolchain/usr/bin/swiftc -module-name SpeedTracker -Onone -enforce-exclusivity\=checked @/Users/minaxi/Library/Developer/Xcode/DerivedData/SpeedTracker-gdcjzmlbkbrgasbvgnezbqdwkadq/Build/Intermediates.noindex/SpeedTracker.build/Debug-iphonesimulator/SpeedTracker.build/Objects-normal/x86_64/SpeedTracker.SwiftFileList -DDEBUG -default-isolation\=MainActor -enable-bare-slash-regex -enable-upcoming-feature DisableOutwardActorInference -enable-upcoming-feature InferSendableFromCaptures -enable-upcoming-feature GlobalActorIsolatedTypesUsability -enable-upcoming-feature MemberImportVisibility -enable-upcoming-feature InferIsolatedConformances -enable-upcoming-feature NonisolatedNonsendingByDefault -enable-experimental-feature DebugDescriptionMacro -sdk /Applications/Xcode.app/Contents/Developer/Platforms/iPhoneSimulator.platform/Developer/SDKs/iPhoneSimulator26.2.sdk -target x86_64-apple-ios26.2-simulator -g -module-cache-path /Users/minaxi/Library/Developer/Xcode/DerivedData/ModuleCache.noindex -Xfrontend -serialize-debugging-options -enable-testing -index-store-path /Users/minaxi/Library/Developer/Xcode/DerivedData/SpeedTracker-gdcjzmlbkbrgasbvgnezbqdwkadq/Index.noindex/DataStore -Xcc -D_LIBCPP_HARDENING_MODE\=_LIBCPP_HARDENING_MODE_DEBUG -swift-version 5 -I /Users/minaxi/Library/Developer/Xcode/DerivedData/SpeedTracker-gdcjzmlbkbrgasbvgnezbqdwkadq/Build/Products/Debug-iphonesimulator -F /Users/minaxi/Library/Developer/Xcode/DerivedData/SpeedTracker-gdcjzmlbkbrgasbvgnezbqdwkadq/Build/Products/Debug-iphonesimulator -emit-localized-strings -emit-localized-strings-path /Users/minaxi/Library/Developer/Xcode/DerivedData/SpeedTracker-gdcjzmlbkbrgasbvgnezbqdwkadq/Build/Intermediates.noindex/SpeedTracker.build/Debug-iphonesimulator/SpeedTracker.build/Objects-normal/x86_64 -c -j10 -enable-batch-mode -incremental -Xcc -ivfsstatcache -Xcc /Users/minaxi/Library/Developer/Xcode/DerivedData/SDKStatCaches.noindex/iphonesimulator26.2-23C57-7d00a8b37fbd7999ea79df8ebc024bf0.sdkstatcache -output-file-map /Users/minaxi/Library/Developer/Xcode/DerivedData/SpeedTracker-gdcjzmlbkbrgasbvgnezbqdwkadq/Build/Intermediates.noindex/SpeedTracker.build/Debug-iphonesimulator/SpeedTracker.build/Objects-normal/x86_64/SpeedTracker-OutputFileMap.json -use-frontend-parseable-output -save-temps -no-color-diagnostics -explicit-module-build -module-cache-path /Users/minaxi/Library/Developer/Xcode/DerivedData/SpeedTracker-gdcjzmlbkbrgasbvgnezbqdwkadq/Build/Intermediates.noindex/SwiftExplicitPrecompiledModules -clang-scanner-module-cache-path /Users/minaxi/Library/Developer/Xcode/DerivedData/ModuleCache.noindex -sdk-module-cache-path /Users/minaxi/Library/Developer/Xcode/DerivedData/ModuleCache.noindex -serialize-diagnostics -emit-dependencies -emit-module -emit-module-path /Users/minaxi/Library/Developer/Xcode/DerivedData/SpeedTracker-gdcjzmlbkbrgasbvgnezbqdwkadq/Build/Intermediates.noindex/SpeedTracker.build/Debug-iphonesimulator/SpeedTracker.build/Objects-normal/x86_64/SpeedTracker.swiftmodule -validate-clang-modules-once -clang-build-session-file /Users/minaxi/Library/Developer/Xcode/DerivedData/ModuleCache.noindex/Session.modulevalidation -Xcc -I/Users/minaxi/Library/Developer/Xcode/DerivedData/SpeedTracker-gdcjzmlbkbrgasbvgnezbqdwkadq/Build/Intermediates.noindex/SpeedTracker.build/Debug-iphonesimulator/SpeedTracker.build/swift-overrides.hmap -emit-const-values -Xfrontend -const-gather-protocols-file -Xfrontend /Users/minaxi/Library/Developer/Xcode/DerivedData/SpeedTracker-gdcjzmlbkbrgasbvgnezbqdwkadq/Build/Intermediates.noindex/SpeedTracker.build/Debug-iphonesimulator/SpeedTracker.build/Objects-normal/x86_64/SpeedTracker_const_extract_protocols.json -Xcc -iquote -Xcc /Users/minaxi/Library/Developer/Xcode/DerivedData/SpeedTracker-gdcjzmlbkbrgasbvgnezbqdwkadq/Build/Intermediates.noindex/SpeedTracker.build/Debug-iphonesimulator/SpeedTracker.build/SpeedTracker-generated-files.hmap -Xcc -I/Users/minaxi/Library/Developer/Xcode/DerivedData/SpeedTracker-gdcjzmlbkbrgasbvgnezbqdwkadq/Build/Intermediates.noindex/SpeedTracker.build/Debug-iphonesimulator/SpeedTracker.build/SpeedTracker-own-target-headers.hmap -Xcc -I/Users/minaxi/Library/Developer/Xcode/DerivedData/SpeedTracker-gdcjzmlbkbrgasbvgnezbqdwkadq/Build/Intermediates.noindex/SpeedTracker.build/Debug-iphonesimulator/SpeedTracker.build/SpeedTracker-all-target-headers.hmap -Xcc -iquote -Xcc /Users/minaxi/Library/Developer/Xcode/DerivedData/SpeedTracker-gdcjzmlbkbrgasbvgnezbqdwkadq/Build/Intermediates.noindex/SpeedTracker.build/Debug-iphonesimulator/SpeedTracker.build/SpeedTracker-project-headers.hmap -Xcc -I/Users/minaxi/Library/Developer/Xcode/DerivedData/SpeedTracker-gdcjzmlbkbrgasbvgnezbqdwkadq/Build/Products/Debug-iphonesimulator/include -Xcc -I/Users/minaxi/Library/Developer/Xcode/DerivedData/SpeedTracker-gdcjzmlbkbrgasbvgnezbqdwkadq/Build/Intermediates.noindex/SpeedTracker.build/Debug-iphonesimulator/SpeedTracker.build/DerivedSources-normal/x86_64 -Xcc -I/Users/minaxi/Library/Developer/Xcode/DerivedData/SpeedTracker-gdcjzmlbkbrgasbvgnezbqdwkadq/Build/Intermediates.noindex/SpeedTracker.build/Debug-iphonesimulator/SpeedTracker.build/DerivedSources/x86_64 -Xcc -I/Users/minaxi/Library/Developer/Xcode/DerivedData/SpeedTracker-gdcjzmlbkbrgasbvgnezbqdwkadq/Build/Intermediates.noindex/SpeedTracker.build/Debug-iphonesimulator/SpeedTracker.build/DerivedSources -Xcc -DDEBUG\=1 -emit-objc-header -emit-objc-header-path /Users/minaxi/Library/Developer/Xcode/DerivedData/SpeedTracker-gdcjzmlbkbrgasbvgnezbqdwkadq/Build/Intermediates.noindex/SpeedTracker.build/Debug-iphonesimulator/SpeedTracker.build/Objects-normal/x86_64/SpeedTracker-Swift.h -working-directory /Users/minaxi/Desktop/parth\ demo/SpeedTracker -experimental-emit-module-separately -disable-cmo

SwiftDriverJobDiscovery normal arm64 Compiling SettingsView.swift, SpeedTrackerApp.swift (in target 'SpeedTracker' from project 'SpeedTracker')

SwiftCompile normal x86_64 Compiling\ GlassMorphismCard.swift /Users/minaxi/Desktop/parth\ demo/SpeedTracker/SpeedTracker/Views/Components/GlassMorphismCard.swift (in target 'SpeedTracker' from project 'SpeedTracker')

SwiftCompile normal x86_64 /Users/minaxi/Desktop/parth\ demo/SpeedTracker/SpeedTracker/Views/Components/GlassMorphismCard.swift (in target 'SpeedTracker' from project 'SpeedTracker')
    cd /Users/minaxi/Desktop/parth\ demo/SpeedTracker
    

Copy /Users/minaxi/Library/Developer/Xcode/DerivedData/SpeedTracker-gdcjzmlbkbrgasbvgnezbqdwkadq/Build/Products/Debug-iphonesimulator/SpeedTracker.swiftmodule/x86_64-apple-ios-simulator.swiftmodule /Users/minaxi/Library/Developer/Xcode/DerivedData/SpeedTracker-gdcjzmlbkbrgasbvgnezbqdwkadq/Build/Intermediates.noindex/SpeedTracker.build/Debug-iphonesimulator/SpeedTracker.build/Objects-normal/x86_64/SpeedTracker.swiftmodule (in target 'SpeedTracker' from project 'SpeedTracker')
    cd /Users/minaxi/Desktop/parth\ demo/SpeedTracker
    builtin-copy -exclude .DS_Store -exclude CVS -exclude .svn -exclude .git -exclude .hg -resolve-src-symlinks -rename /Users/minaxi/Library/Developer/Xcode/DerivedData/SpeedTracker-gdcjzmlbkbrgasbvgnezbqdwkadq/Build/Intermediates.noindex/SpeedTracker.build/Debug-iphonesimulator/SpeedTracker.build/Objects-normal/x86_64/SpeedTracker.swiftmodule /Users/minaxi/Library/Developer/Xcode/DerivedData/SpeedTracker-gdcjzmlbkbrgasbvgnezbqdwkadq/Build/Products/Debug-iphonesimulator/SpeedTracker.swiftmodule/x86_64-apple-ios-simulator.swiftmodule

SwiftDriverJobDiscovery normal x86_64 Compiling TripStore.swift (in target 'SpeedTracker' from project 'SpeedTracker')

Copy /Users/minaxi/Library/Developer/Xcode/DerivedData/SpeedTracker-gdcjzmlbkbrgasbvgnezbqdwkadq/Build/Products/Debug-iphonesimulator/SpeedTracker.swiftmodule/x86_64-apple-ios-simulator.abi.json /Users/minaxi/Library/Developer/Xcode/DerivedData/SpeedTracker-gdcjzmlbkbrgasbvgnezbqdwkadq/Build/Intermediates.noindex/SpeedTracker.build/Debug-iphonesimulator/SpeedTracker.build/Objects-normal/x86_64/SpeedTracker.abi.json (in target 'SpeedTracker' from project 'SpeedTracker')
    cd /Users/minaxi/Desktop/parth\ demo/SpeedTracker
    builtin-copy -exclude .DS_Store -exclude CVS -exclude .svn -exclude .git -exclude .hg -resolve-src-symlinks -rename /Users/minaxi/Library/Developer/Xcode/DerivedData/SpeedTracker-gdcjzmlbkbrgasbvgnezbqdwkadq/Build/Intermediates.noindex/SpeedTracker.build/Debug-iphonesimulator/SpeedTracker.build/Objects-normal/x86_64/SpeedTracker.abi.json /Users/minaxi/Library/Developer/Xcode/DerivedData/SpeedTracker-gdcjzmlbkbrgasbvgnezbqdwkadq/Build/Products/Debug-iphonesimulator/SpeedTracker.swiftmodule/x86_64-apple-ios-simulator.abi.json

Copy /Users/minaxi/Library/Developer/Xcode/DerivedData/SpeedTracker-gdcjzmlbkbrgasbvgnezbqdwkadq/Build/Products/Debug-iphonesimulator/SpeedTracker.swiftmodule/Project/x86_64-apple-ios-simulator.swiftsourceinfo /Users/minaxi/Library/Developer/Xcode/DerivedData/SpeedTracker-gdcjzmlbkbrgasbvgnezbqdwkadq/Build/Intermediates.noindex/SpeedTracker.build/Debug-iphonesimulator/SpeedTracker.build/Objects-normal/x86_64/SpeedTracker.swiftsourceinfo (in target 'SpeedTracker' from project 'SpeedTracker')
    cd /Users/minaxi/Desktop/parth\ demo/SpeedTracker
    builtin-copy -exclude .DS_Store -exclude CVS -exclude .svn -exclude .git -exclude .hg -resolve-src-symlinks -rename /Users/minaxi/Library/Developer/Xcode/DerivedData/SpeedTracker-gdcjzmlbkbrgasbvgnezbqdwkadq/Build/Intermediates.noindex/SpeedTracker.build/Debug-iphonesimulator/SpeedTracker.build/Objects-normal/x86_64/SpeedTracker.swiftsourceinfo /Users/minaxi/Library/Developer/Xcode/DerivedData/SpeedTracker-gdcjzmlbkbrgasbvgnezbqdwkadq/Build/Products/Debug-iphonesimulator/SpeedTracker.swiftmodule/Project/x86_64-apple-ios-simulator.swiftsourceinfo

SwiftCompile normal x86_64 Compiling\ LocationManager.swift /Users/minaxi/Desktop/parth\ demo/SpeedTracker/SpeedTracker/Services/Location/LocationManager.swift (in target 'SpeedTracker' from project 'SpeedTracker')

SwiftCompile normal x86_64 /Users/minaxi/Desktop/parth\ demo/SpeedTracker/SpeedTracker/Services/Location/LocationManager.swift (in target 'SpeedTracker' from project 'SpeedTracker')
    cd /Users/minaxi/Desktop/parth\ demo/SpeedTracker
    
/Users/minaxi/Desktop/parth demo/SpeedTracker/SpeedTracker/Services/Location/LocationManager.swift:78:27: warning: reference to captured var 'self' in concurrently-executing code; this is an error in the Swift 6 language mode
                guard let self, let start = self.trackingStartTime else { return }
                          ^

SwiftDriverJobDiscovery normal x86_64 Compiling ContentView.swift (in target 'SpeedTracker' from project 'SpeedTracker')

SwiftCompile normal x86_64 Compiling\ SettingsView.swift /Users/minaxi/Desktop/parth\ demo/SpeedTracker/SpeedTracker/Views/Settings/SettingsView.swift (in target 'SpeedTracker' from project 'SpeedTracker')

SwiftCompile normal x86_64 /Users/minaxi/Desktop/parth\ demo/SpeedTracker/SpeedTracker/Views/Settings/SettingsView.swift (in target 'SpeedTracker' from project 'SpeedTracker')
    cd /Users/minaxi/Desktop/parth\ demo/SpeedTracker
    

SwiftCompile normal arm64 Compiling\ OnboardingViewModel.swift /Users/minaxi/Desktop/parth\ demo/SpeedTracker/SpeedTracker/ViewModels/OnboardingViewModel.swift (in target 'SpeedTracker' from project 'SpeedTracker')

SwiftCompile normal arm64 /Users/minaxi/Desktop/parth\ demo/SpeedTracker/SpeedTracker/ViewModels/OnboardingViewModel.swift (in target 'SpeedTracker' from project 'SpeedTracker')
    cd /Users/minaxi/Desktop/parth\ demo/SpeedTracker
    

SwiftDriverJobDiscovery normal x86_64 Compiling SpeedTrackerView.swift (in target 'SpeedTracker' from project 'SpeedTracker')

SwiftCompile normal arm64 Compiling\ Haptics.swift /Users/minaxi/Desktop/parth\ demo/SpeedTracker/SpeedTracker/Utilities/Haptics.swift (in target 'SpeedTracker' from project 'SpeedTracker')

SwiftCompile normal arm64 /Users/minaxi/Desktop/parth\ demo/SpeedTracker/SpeedTracker/Utilities/Haptics.swift (in target 'SpeedTracker' from project 'SpeedTracker')
    cd /Users/minaxi/Desktop/parth\ demo/SpeedTracker
    

SwiftDriverJobDiscovery normal x86_64 Compiling GlassMorphismCard.swift (in target 'SpeedTracker' from project 'SpeedTracker')

SwiftCompile normal arm64 Compiling\ Font+Extensions.swift /Users/minaxi/Desktop/parth\ demo/SpeedTracker/SpeedTracker/Extensions/Font+Extensions.swift (in target 'SpeedTracker' from project 'SpeedTracker')

SwiftCompile normal arm64 /Users/minaxi/Desktop/parth\ demo/SpeedTracker/SpeedTracker/Extensions/Font+Extensions.swift (in target 'SpeedTracker' from project 'SpeedTracker')
    cd /Users/minaxi/Desktop/parth\ demo/SpeedTracker
    

SwiftDriverJobDiscovery normal arm64 Compiling OnboardingPageView.swift, PaywallView.swift (in target 'SpeedTracker' from project 'SpeedTracker')

SwiftCompile normal arm64 Compiling\ AnimatedButton.swift,\ GlassMorphismCard.swift /Users/minaxi/Desktop/parth\ demo/SpeedTracker/SpeedTracker/Views/Components/AnimatedButton.swift /Users/minaxi/Desktop/parth\ demo/SpeedTracker/SpeedTracker/Views/Components/GlassMorphismCard.swift (in target 'SpeedTracker' from project 'SpeedTracker')

SwiftCompile normal arm64 /Users/minaxi/Desktop/parth\ demo/SpeedTracker/SpeedTracker/Views/Components/AnimatedButton.swift (in target 'SpeedTracker' from project 'SpeedTracker')
    cd /Users/minaxi/Desktop/parth\ demo/SpeedTracker
    

SwiftCompile normal arm64 /Users/minaxi/Desktop/parth\ demo/SpeedTracker/SpeedTracker/Views/Components/GlassMorphismCard.swift (in target 'SpeedTracker' from project 'SpeedTracker')
    cd /Users/minaxi/Desktop/parth\ demo/SpeedTracker
    

SwiftDriverJobDiscovery normal x86_64 Compiling OnboardingContainerView.swift (in target 'SpeedTracker' from project 'SpeedTracker')

SwiftCompile normal x86_64 Compiling\ PreferencesSetupView.swift /Users/minaxi/Desktop/parth\ demo/SpeedTracker/SpeedTracker/Views/Onboarding/PreferencesSetupView.swift (in target 'SpeedTracker' from project 'SpeedTracker')

SwiftCompile normal x86_64 /Users/minaxi/Desktop/parth\ demo/SpeedTracker/SpeedTracker/Views/Onboarding/PreferencesSetupView.swift (in target 'SpeedTracker' from project 'SpeedTracker')
    cd /Users/minaxi/Desktop/parth\ demo/SpeedTracker
    

SwiftDriverJobDiscovery normal arm64 Compiling Haptics.swift (in target 'SpeedTracker' from project 'SpeedTracker')

SwiftCompile normal x86_64 Compiling\ AnimatedButton.swift /Users/minaxi/Desktop/parth\ demo/SpeedTracker/SpeedTracker/Views/Components/AnimatedButton.swift (in target 'SpeedTracker' from project 'SpeedTracker')

SwiftCompile normal x86_64 /Users/minaxi/Desktop/parth\ demo/SpeedTracker/SpeedTracker/Views/Components/AnimatedButton.swift (in target 'SpeedTracker' from project 'SpeedTracker')
    cd /Users/minaxi/Desktop/parth\ demo/SpeedTracker
    

SwiftDriverJobDiscovery normal arm64 Compiling OnboardingViewModel.swift (in target 'SpeedTracker' from project 'SpeedTracker')

SwiftCompile normal arm64 Compiling\ ContentView.swift /Users/minaxi/Desktop/parth\ demo/SpeedTracker/SpeedTracker/ContentView.swift (in target 'SpeedTracker' from project 'SpeedTracker')

SwiftCompile normal arm64 /Users/minaxi/Desktop/parth\ demo/SpeedTracker/SpeedTracker/ContentView.swift (in target 'SpeedTracker' from project 'SpeedTracker')
    cd /Users/minaxi/Desktop/parth\ demo/SpeedTracker
    

SwiftDriverJobDiscovery normal arm64 Compiling Font+Extensions.swift (in target 'SpeedTracker' from project 'SpeedTracker')

SwiftCompile normal x86_64 Compiling\ MainTabView.swift /Users/minaxi/Desktop/parth\ demo/SpeedTracker/SpeedTracker/Views/Main/MainTabView.swift (in target 'SpeedTracker' from project 'SpeedTracker')

SwiftCompile normal x86_64 /Users/minaxi/Desktop/parth\ demo/SpeedTracker/SpeedTracker/Views/Main/MainTabView.swift (in target 'SpeedTracker' from project 'SpeedTracker')
    cd /Users/minaxi/Desktop/parth\ demo/SpeedTracker
    

SwiftDriverJobDiscovery normal x86_64 Compiling LocationManager.swift (in target 'SpeedTracker' from project 'SpeedTracker')

SwiftCompile normal x86_64 Compiling\ OnboardingPageView.swift /Users/minaxi/Desktop/parth\ demo/SpeedTracker/SpeedTracker/Views/Onboarding/OnboardingPageView.swift (in target 'SpeedTracker' from project 'SpeedTracker')

SwiftCompile normal x86_64 /Users/minaxi/Desktop/parth\ demo/SpeedTracker/SpeedTracker/Views/Onboarding/OnboardingPageView.swift (in target 'SpeedTracker' from project 'SpeedTracker')
    cd /Users/minaxi/Desktop/parth\ demo/SpeedTracker
    

SwiftDriverJobDiscovery normal arm64 Compiling ContentView.swift (in target 'SpeedTracker' from project 'SpeedTracker')

SwiftCompile normal x86_64 Compiling\ LanguageSelectionView.swift /Users/minaxi/Desktop/parth\ demo/SpeedTracker/SpeedTracker/Views/Onboarding/LanguageSelectionView.swift (in target 'SpeedTracker' from project 'SpeedTracker')

SwiftCompile normal x86_64 /Users/minaxi/Desktop/parth\ demo/SpeedTracker/SpeedTracker/Views/Onboarding/LanguageSelectionView.swift (in target 'SpeedTracker' from project 'SpeedTracker')
    cd /Users/minaxi/Desktop/parth\ demo/SpeedTracker
    

SwiftDriverJobDiscovery normal arm64 Compiling AnimatedButton.swift, GlassMorphismCard.swift (in target 'SpeedTracker' from project 'SpeedTracker')

SwiftCompile normal x86_64 Compiling\ TripDetailView.swift /Users/minaxi/Desktop/parth\ demo/SpeedTracker/SpeedTracker/Views/History/TripDetailView.swift (in target 'SpeedTracker' from project 'SpeedTracker')
SwiftCompile normal x86_64 /Users/minaxi/Desktop/parth\ demo/SpeedTracker/SpeedTracker/Views/History/TripDetailView.swift (in target 'SpeedTracker' from project 'SpeedTracker')
    cd /Users/minaxi/Desktop/parth\ demo/SpeedTracker
    

SwiftDriverJobDiscovery normal x86_64 Compiling AnimatedButton.swift (in target 'SpeedTracker' from project 'SpeedTracker')

SwiftCompile normal x86_64 Compiling\ HistoryView.swift /Users/minaxi/Desktop/parth\ demo/SpeedTracker/SpeedTracker/Views/History/HistoryView.swift (in target 'SpeedTracker' from project 'SpeedTracker')

SwiftCompile normal x86_64 /Users/minaxi/Desktop/parth\ demo/SpeedTracker/SpeedTracker/Views/History/HistoryView.swift (in target 'SpeedTracker' from project 'SpeedTracker')
    cd /Users/minaxi/Desktop/parth\ demo/SpeedTracker
    

SwiftDriverJobDiscovery normal x86_64 Compiling SettingsView.swift (in target 'SpeedTracker' from project 'SpeedTracker')

SwiftDriverJobDiscovery normal x86_64 Compiling MainTabView.swift (in target 'SpeedTracker' from project 'SpeedTracker')

SwiftCompile normal x86_64 Compiling\ SpeedTrackerApp.swift /Users/minaxi/Desktop/parth\ demo/SpeedTracker/SpeedTracker/SpeedTrackerApp.swift (in target 'SpeedTracker' from project 'SpeedTracker')

SwiftCompile normal x86_64 /Users/minaxi/Desktop/parth\ demo/SpeedTracker/SpeedTracker/SpeedTrackerApp.swift (in target 'SpeedTracker' from project 'SpeedTracker')
    cd /Users/minaxi/Desktop/parth\ demo/SpeedTracker
    

SwiftDriverJobDiscovery normal x86_64 Compiling OnboardingPageView.swift (in target 'SpeedTracker' from project 'SpeedTracker')

SwiftDriverJobDiscovery normal x86_64 Compiling PaywallView.swift (in target 'SpeedTracker' from project 'SpeedTracker')

SwiftDriverJobDiscovery normal x86_64 Compiling LanguageSelectionView.swift (in target 'SpeedTracker' from project 'SpeedTracker')

SwiftDriverJobDiscovery normal x86_64 Compiling SpeedTrackerApp.swift (in target 'SpeedTracker' from project 'SpeedTracker')

SwiftDriverJobDiscovery normal x86_64 Compiling HistoryView.swift (in target 'SpeedTracker' from project 'SpeedTracker')

SwiftDriverJobDiscovery normal x86_64 Compiling PreferencesSetupView.swift (in target 'SpeedTracker' from project 'SpeedTracker')

SwiftDriverJobDiscovery normal x86_64 Compiling PermissionsView.swift (in target 'SpeedTracker' from project 'SpeedTracker')

SwiftDriverJobDiscovery normal arm64 Compiling PermissionsView.swift, PreferencesSetupView.swift (in target 'SpeedTracker' from project 'SpeedTracker')

SwiftDriverJobDiscovery normal arm64 Compiling HistoryView.swift, TripDetailView.swift (in target 'SpeedTracker' from project 'SpeedTracker')

SwiftDriver\ Compilation SpeedTracker normal arm64 com.apple.xcode.tools.swift.compiler (in target 'SpeedTracker' from project 'SpeedTracker')
    cd /Users/minaxi/Desktop/parth\ demo/SpeedTracker
    builtin-Swift-Compilation -- /Applications/Xcode.app/Contents/Developer/Toolchains/XcodeDefault.xctoolchain/usr/bin/swiftc -module-name SpeedTracker -Onone -enforce-exclusivity\=checked @/Users/minaxi/Library/Developer/Xcode/DerivedData/SpeedTracker-gdcjzmlbkbrgasbvgnezbqdwkadq/Build/Intermediates.noindex/SpeedTracker.build/Debug-iphonesimulator/SpeedTracker.build/Objects-normal/arm64/SpeedTracker.SwiftFileList -DDEBUG -default-isolation\=MainActor -enable-bare-slash-regex -enable-upcoming-feature DisableOutwardActorInference -enable-upcoming-feature InferSendableFromCaptures -enable-upcoming-feature GlobalActorIsolatedTypesUsability -enable-upcoming-feature MemberImportVisibility -enable-upcoming-feature InferIsolatedConformances -enable-upcoming-feature NonisolatedNonsendingByDefault -enable-experimental-feature DebugDescriptionMacro -sdk /Applications/Xcode.app/Contents/Developer/Platforms/iPhoneSimulator.platform/Developer/SDKs/iPhoneSimulator26.2.sdk -target arm64-apple-ios26.2-simulator -g -module-cache-path /Users/minaxi/Library/Developer/Xcode/DerivedData/ModuleCache.noindex -Xfrontend -serialize-debugging-options -enable-testing -index-store-path /Users/minaxi/Library/Developer/Xcode/DerivedData/SpeedTracker-gdcjzmlbkbrgasbvgnezbqdwkadq/Index.noindex/DataStore -Xcc -D_LIBCPP_HARDENING_MODE\=_LIBCPP_HARDENING_MODE_DEBUG -swift-version 5 -I /Users/minaxi/Library/Developer/Xcode/DerivedData/SpeedTracker-gdcjzmlbkbrgasbvgnezbqdwkadq/Build/Products/Debug-iphonesimulator -F /Users/minaxi/Library/Developer/Xcode/DerivedData/SpeedTracker-gdcjzmlbkbrgasbvgnezbqdwkadq/Build/Products/Debug-iphonesimulator -emit-localized-strings -emit-localized-strings-path /Users/minaxi/Library/Developer/Xcode/DerivedData/SpeedTracker-gdcjzmlbkbrgasbvgnezbqdwkadq/Build/Intermediates.noindex/SpeedTracker.build/Debug-iphonesimulator/SpeedTracker.build/Objects-normal/arm64 -c -j10 -enable-batch-mode -incremental -Xcc -ivfsstatcache -Xcc /Users/minaxi/Library/Developer/Xcode/DerivedData/SDKStatCaches.noindex/iphonesimulator26.2-23C57-7d00a8b37fbd7999ea79df8ebc024bf0.sdkstatcache -output-file-map /Users/minaxi/Library/Developer/Xcode/DerivedData/SpeedTracker-gdcjzmlbkbrgasbvgnezbqdwkadq/Build/Intermediates.noindex/SpeedTracker.build/Debug-iphonesimulator/SpeedTracker.build/Objects-normal/arm64/SpeedTracker-OutputFileMap.json -use-frontend-parseable-output -save-temps -no-color-diagnostics -explicit-module-build -module-cache-path /Users/minaxi/Library/Developer/Xcode/DerivedData/SpeedTracker-gdcjzmlbkbrgasbvgnezbqdwkadq/Build/Intermediates.noindex/SwiftExplicitPrecompiledModules -clang-scanner-module-cache-path /Users/minaxi/Library/Developer/Xcode/DerivedData/ModuleCache.noindex -sdk-module-cache-path /Users/minaxi/Library/Developer/Xcode/DerivedData/ModuleCache.noindex -serialize-diagnostics -emit-dependencies -emit-module -emit-module-path /Users/minaxi/Library/Developer/Xcode/DerivedData/SpeedTracker-gdcjzmlbkbrgasbvgnezbqdwkadq/Build/Intermediates.noindex/SpeedTracker.build/Debug-iphonesimulator/SpeedTracker.build/Objects-normal/arm64/SpeedTracker.swiftmodule -validate-clang-modules-once -clang-build-session-file /Users/minaxi/Library/Developer/Xcode/DerivedData/ModuleCache.noindex/Session.modulevalidation -Xcc -I/Users/minaxi/Library/Developer/Xcode/DerivedData/SpeedTracker-gdcjzmlbkbrgasbvgnezbqdwkadq/Build/Intermediates.noindex/SpeedTracker.build/Debug-iphonesimulator/SpeedTracker.build/swift-overrides.hmap -emit-const-values -Xfrontend -const-gather-protocols-file -Xfrontend /Users/minaxi/Library/Developer/Xcode/DerivedData/SpeedTracker-gdcjzmlbkbrgasbvgnezbqdwkadq/Build/Intermediates.noindex/SpeedTracker.build/Debug-iphonesimulator/SpeedTracker.build/Objects-normal/arm64/SpeedTracker_const_extract_protocols.json -Xcc -iquote -Xcc /Users/minaxi/Library/Developer/Xcode/DerivedData/SpeedTracker-gdcjzmlbkbrgasbvgnezbqdwkadq/Build/Intermediates.noindex/SpeedTracker.build/Debug-iphonesimulator/SpeedTracker.build/SpeedTracker-generated-files.hmap -Xcc -I/Users/minaxi/Library/Developer/Xcode/DerivedData/SpeedTracker-gdcjzmlbkbrgasbvgnezbqdwkadq/Build/Intermediates.noindex/SpeedTracker.build/Debug-iphonesimulator/SpeedTracker.build/SpeedTracker-own-target-headers.hmap -Xcc -I/Users/minaxi/Library/Developer/Xcode/DerivedData/SpeedTracker-gdcjzmlbkbrgasbvgnezbqdwkadq/Build/Intermediates.noindex/SpeedTracker.build/Debug-iphonesimulator/SpeedTracker.build/SpeedTracker-all-target-headers.hmap -Xcc -iquote -Xcc /Users/minaxi/Library/Developer/Xcode/DerivedData/SpeedTracker-gdcjzmlbkbrgasbvgnezbqdwkadq/Build/Intermediates.noindex/SpeedTracker.build/Debug-iphonesimulator/SpeedTracker.build/SpeedTracker-project-headers.hmap -Xcc -I/Users/minaxi/Library/Developer/Xcode/DerivedData/SpeedTracker-gdcjzmlbkbrgasbvgnezbqdwkadq/Build/Products/Debug-iphonesimulator/include -Xcc -I/Users/minaxi/Library/Developer/Xcode/DerivedData/SpeedTracker-gdcjzmlbkbrgasbvgnezbqdwkadq/Build/Intermediates.noindex/SpeedTracker.build/Debug-iphonesimulator/SpeedTracker.build/DerivedSources-normal/arm64 -Xcc -I/Users/minaxi/Library/Developer/Xcode/DerivedData/SpeedTracker-gdcjzmlbkbrgasbvgnezbqdwkadq/Build/Intermediates.noindex/SpeedTracker.build/Debug-iphonesimulator/SpeedTracker.build/DerivedSources/arm64 -Xcc -I/Users/minaxi/Library/Developer/Xcode/DerivedData/SpeedTracker-gdcjzmlbkbrgasbvgnezbqdwkadq/Build/Intermediates.noindex/SpeedTracker.build/Debug-iphonesimulator/SpeedTracker.build/DerivedSources -Xcc -DDEBUG\=1 -emit-objc-header -emit-objc-header-path /Users/minaxi/Library/Developer/Xcode/DerivedData/SpeedTracker-gdcjzmlbkbrgasbvgnezbqdwkadq/Build/Intermediates.noindex/SpeedTracker.build/Debug-iphonesimulator/SpeedTracker.build/Objects-normal/arm64/SpeedTracker-Swift.h -working-directory /Users/minaxi/Desktop/parth\ demo/SpeedTracker -experimental-emit-module-separately -disable-cmo

Ld /Users/minaxi/Library/Developer/Xcode/DerivedData/SpeedTracker-gdcjzmlbkbrgasbvgnezbqdwkadq/Build/Intermediates.noindex/SpeedTracker.build/Debug-iphonesimulator/SpeedTracker.build/Objects-normal/arm64/Binary/SpeedTracker.debug.dylib normal arm64 (in target 'SpeedTracker' from project 'SpeedTracker')
    cd /Users/minaxi/Desktop/parth\ demo/SpeedTracker
    /Applications/Xcode.app/Contents/Developer/Toolchains/XcodeDefault.xctoolchain/usr/bin/clang -Xlinker -reproducible -target arm64-apple-ios26.2-simulator -dynamiclib -isysroot /Applications/Xcode.app/Contents/Developer/Platforms/iPhoneSimulator.platform/Developer/SDKs/iPhoneSimulator26.2.sdk -O0 -L/Users/minaxi/Library/Developer/Xcode/DerivedData/SpeedTracker-gdcjzmlbkbrgasbvgnezbqdwkadq/Build/Intermediates.noindex/EagerLinkingTBDs/Debug-iphonesimulator -L/Users/minaxi/Library/Developer/Xcode/DerivedData/SpeedTracker-gdcjzmlbkbrgasbvgnezbqdwkadq/Build/Products/Debug-iphonesimulator -F/Users/minaxi/Library/Developer/Xcode/DerivedData/SpeedTracker-gdcjzmlbkbrgasbvgnezbqdwkadq/Build/Intermediates.noindex/EagerLinkingTBDs/Debug-iphonesimulator -F/Users/minaxi/Library/Developer/Xcode/DerivedData/SpeedTracker-gdcjzmlbkbrgasbvgnezbqdwkadq/Build/Products/Debug-iphonesimulator -filelist /Users/minaxi/Library/Developer/Xcode/DerivedData/SpeedTracker-gdcjzmlbkbrgasbvgnezbqdwkadq/Build/Intermediates.noindex/SpeedTracker.build/Debug-iphonesimulator/SpeedTracker.build/Objects-normal/arm64/SpeedTracker.LinkFileList -install_name @rpath/SpeedTracker.debug.dylib -Xlinker -rpath -Xlinker @executable_path/Frameworks -dead_strip -Xlinker -object_path_lto -Xlinker /Users/minaxi/Library/Developer/Xcode/DerivedData/SpeedTracker-gdcjzmlbkbrgasbvgnezbqdwkadq/Build/Intermediates.noindex/SpeedTracker.build/Debug-iphonesimulator/SpeedTracker.build/Objects-normal/arm64/SpeedTracker_lto.o -rdynamic -Xlinker -no_deduplicate -Xlinker -objc_abi_version -Xlinker 2 -Xlinker -dependency_info -Xlinker /Users/minaxi/Library/Developer/Xcode/DerivedData/SpeedTracker-gdcjzmlbkbrgasbvgnezbqdwkadq/Build/Intermediates.noindex/SpeedTracker.build/Debug-iphonesimulator/SpeedTracker.build/Objects-normal/arm64/SpeedTracker_dependency_info.dat -fobjc-link-runtime -L/Applications/Xcode.app/Contents/Developer/Toolchains/XcodeDefault.xctoolchain/usr/lib/swift/iphonesimulator -L/usr/lib/swift -Xlinker -add_ast_path -Xlinker /Users/minaxi/Library/Developer/Xcode/DerivedData/SpeedTracker-gdcjzmlbkbrgasbvgnezbqdwkadq/Build/Intermediates.noindex/SpeedTracker.build/Debug-iphonesimulator/SpeedTracker.build/Objects-normal/arm64/SpeedTracker.swiftmodule @/Users/minaxi/Library/Developer/Xcode/DerivedData/SpeedTracker-gdcjzmlbkbrgasbvgnezbqdwkadq/Build/Intermediates.noindex/SpeedTracker.build/Debug-iphonesimulator/SpeedTracker.build/Objects-normal/arm64/SpeedTracker-linker-args.resp -Xlinker -alias -Xlinker _main -Xlinker ___debug_main_executable_dylib_entry_point -Xlinker -no_adhoc_codesign -o /Users/minaxi/Library/Developer/Xcode/DerivedData/SpeedTracker-gdcjzmlbkbrgasbvgnezbqdwkadq/Build/Intermediates.noindex/SpeedTracker.build/Debug-iphonesimulator/SpeedTracker.build/Objects-normal/arm64/Binary/SpeedTracker.debug.dylib

ConstructStubExecutorLinkFileList /Users/minaxi/Library/Developer/Xcode/DerivedData/SpeedTracker-gdcjzmlbkbrgasbvgnezbqdwkadq/Build/Intermediates.noindex/SpeedTracker.build/Debug-iphonesimulator/SpeedTracker.build/SpeedTracker-ExecutorLinkFileList-normal-arm64.txt (in target 'SpeedTracker' from project 'SpeedTracker')
    cd /Users/minaxi/Desktop/parth\ demo/SpeedTracker
    construct-stub-executor-link-file-list /Users/minaxi/Library/Developer/Xcode/DerivedData/SpeedTracker-gdcjzmlbkbrgasbvgnezbqdwkadq/Build/Intermediates.noindex/SpeedTracker.build/Debug-iphonesimulator/SpeedTracker.build/Objects-normal/arm64/Binary/SpeedTracker.debug.dylib /Applications/Xcode.app/Contents/Developer/Platforms/iPhoneSimulator.platform/Developer/usr/lib/libPreviewsJITStubExecutor_no_swift_entry_point.a /Applications/Xcode.app/Contents/Developer/Platforms/iPhoneSimulator.platform/Developer/usr/lib/libPreviewsJITStubExecutor.a --output /Users/minaxi/Library/Developer/Xcode/DerivedData/SpeedTracker-gdcjzmlbkbrgasbvgnezbqdwkadq/Build/Intermediates.noindex/SpeedTracker.build/Debug-iphonesimulator/SpeedTracker.build/SpeedTracker-ExecutorLinkFileList-normal-arm64.txt
note: Using stub executor library with Swift entry point. (in target 'SpeedTracker' from project 'SpeedTracker')

Ld /Users/minaxi/Library/Developer/Xcode/DerivedData/SpeedTracker-gdcjzmlbkbrgasbvgnezbqdwkadq/Build/Intermediates.noindex/SpeedTracker.build/Debug-iphonesimulator/SpeedTracker.build/Objects-normal/arm64/Binary/SpeedTracker normal arm64 (in target 'SpeedTracker' from project 'SpeedTracker')
    cd /Users/minaxi/Desktop/parth\ demo/SpeedTracker
    /Applications/Xcode.app/Contents/Developer/Toolchains/XcodeDefault.xctoolchain/usr/bin/clang -Xlinker -reproducible -target arm64-apple-ios26.2-simulator -isysroot /Applications/Xcode.app/Contents/Developer/Platforms/iPhoneSimulator.platform/Developer/SDKs/iPhoneSimulator26.2.sdk -O0 -L/Users/minaxi/Library/Developer/Xcode/DerivedData/SpeedTracker-gdcjzmlbkbrgasbvgnezbqdwkadq/Build/Products/Debug-iphonesimulator -F/Users/minaxi/Library/Developer/Xcode/DerivedData/SpeedTracker-gdcjzmlbkbrgasbvgnezbqdwkadq/Build/Products/Debug-iphonesimulator -Xlinker -rpath -Xlinker @executable_path -Xlinker -rpath -Xlinker @executable_path/Frameworks -rdynamic -Xlinker -no_deduplicate -Xlinker -objc_abi_version -Xlinker 2 -e ___debug_blank_executor_main -Xlinker -sectcreate -Xlinker __TEXT -Xlinker __debug_dylib -Xlinker /Users/minaxi/Library/Developer/Xcode/DerivedData/SpeedTracker-gdcjzmlbkbrgasbvgnezbqdwkadq/Build/Intermediates.noindex/SpeedTracker.build/Debug-iphonesimulator/SpeedTracker.build/SpeedTracker-DebugDylibPath-normal-arm64.txt -Xlinker -sectcreate -Xlinker __TEXT -Xlinker __debug_instlnm -Xlinker /Users/minaxi/Library/Developer/Xcode/DerivedData/SpeedTracker-gdcjzmlbkbrgasbvgnezbqdwkadq/Build/Intermediates.noindex/SpeedTracker.build/Debug-iphonesimulator/SpeedTracker.build/SpeedTracker-DebugDylibInstallName-normal-arm64.txt -Xlinker -filelist -Xlinker /Users/minaxi/Library/Developer/Xcode/DerivedData/SpeedTracker-gdcjzmlbkbrgasbvgnezbqdwkadq/Build/Intermediates.noindex/SpeedTracker.build/Debug-iphonesimulator/SpeedTracker.build/SpeedTracker-ExecutorLinkFileList-normal-arm64.txt -Xlinker -sectcreate -Xlinker __TEXT -Xlinker __entitlements -Xlinker /Users/minaxi/Library/Developer/Xcode/DerivedData/SpeedTracker-gdcjzmlbkbrgasbvgnezbqdwkadq/Build/Intermediates.noindex/SpeedTracker.build/Debug-iphonesimulator/SpeedTracker.build/SpeedTracker.app-Simulated.xcent -Xlinker -sectcreate -Xlinker __TEXT -Xlinker __ents_der -Xlinker /Users/minaxi/Library/Developer/Xcode/DerivedData/SpeedTracker-gdcjzmlbkbrgasbvgnezbqdwkadq/Build/Intermediates.noindex/SpeedTracker.build/Debug-iphonesimulator/SpeedTracker.build/SpeedTracker.app-Simulated.xcent.der /Users/minaxi/Library/Developer/Xcode/DerivedData/SpeedTracker-gdcjzmlbkbrgasbvgnezbqdwkadq/Build/Intermediates.noindex/SpeedTracker.build/Debug-iphonesimulator/SpeedTracker.build/Objects-normal/arm64/Binary/SpeedTracker.debug.dylib -Xlinker -no_adhoc_codesign -o /Users/minaxi/Library/Developer/Xcode/DerivedData/SpeedTracker-gdcjzmlbkbrgasbvgnezbqdwkadq/Build/Intermediates.noindex/SpeedTracker.build/Debug-iphonesimulator/SpeedTracker.build/Objects-normal/arm64/Binary/SpeedTracker

SwiftDriverJobDiscovery normal x86_64 Compiling TripDetailView.swift (in target 'SpeedTracker' from project 'SpeedTracker')

SwiftDriver\ Compilation SpeedTracker normal x86_64 com.apple.xcode.tools.swift.compiler (in target 'SpeedTracker' from project 'SpeedTracker')
    cd /Users/minaxi/Desktop/parth\ demo/SpeedTracker
    builtin-Swift-Compilation -- /Applications/Xcode.app/Contents/Developer/Toolchains/XcodeDefault.xctoolchain/usr/bin/swiftc -module-name SpeedTracker -Onone -enforce-exclusivity\=checked @/Users/minaxi/Library/Developer/Xcode/DerivedData/SpeedTracker-gdcjzmlbkbrgasbvgnezbqdwkadq/Build/Intermediates.noindex/SpeedTracker.build/Debug-iphonesimulator/SpeedTracker.build/Objects-normal/x86_64/SpeedTracker.SwiftFileList -DDEBUG -default-isolation\=MainActor -enable-bare-slash-regex -enable-upcoming-feature DisableOutwardActorInference -enable-upcoming-feature InferSendableFromCaptures -enable-upcoming-feature GlobalActorIsolatedTypesUsability -enable-upcoming-feature MemberImportVisibility -enable-upcoming-feature InferIsolatedConformances -enable-upcoming-feature NonisolatedNonsendingByDefault -enable-experimental-feature DebugDescriptionMacro -sdk /Applications/Xcode.app/Contents/Developer/Platforms/iPhoneSimulator.platform/Developer/SDKs/iPhoneSimulator26.2.sdk -target x86_64-apple-ios26.2-simulator -g -module-cache-path /Users/minaxi/Library/Developer/Xcode/DerivedData/ModuleCache.noindex -Xfrontend -serialize-debugging-options -enable-testing -index-store-path /Users/minaxi/Library/Developer/Xcode/DerivedData/SpeedTracker-gdcjzmlbkbrgasbvgnezbqdwkadq/Index.noindex/DataStore -Xcc -D_LIBCPP_HARDENING_MODE\=_LIBCPP_HARDENING_MODE_DEBUG -swift-version 5 -I /Users/minaxi/Library/Developer/Xcode/DerivedData/SpeedTracker-gdcjzmlbkbrgasbvgnezbqdwkadq/Build/Products/Debug-iphonesimulator -F /Users/minaxi/Library/Developer/Xcode/DerivedData/SpeedTracker-gdcjzmlbkbrgasbvgnezbqdwkadq/Build/Products/Debug-iphonesimulator -emit-localized-strings -emit-localized-strings-path /Users/minaxi/Library/Developer/Xcode/DerivedData/SpeedTracker-gdcjzmlbkbrgasbvgnezbqdwkadq/Build/Intermediates.noindex/SpeedTracker.build/Debug-iphonesimulator/SpeedTracker.build/Objects-normal/x86_64 -c -j10 -enable-batch-mode -incremental -Xcc -ivfsstatcache -Xcc /Users/minaxi/Library/Developer/Xcode/DerivedData/SDKStatCaches.noindex/iphonesimulator26.2-23C57-7d00a8b37fbd7999ea79df8ebc024bf0.sdkstatcache -output-file-map /Users/minaxi/Library/Developer/Xcode/DerivedData/SpeedTracker-gdcjzmlbkbrgasbvgnezbqdwkadq/Build/Intermediates.noindex/SpeedTracker.build/Debug-iphonesimulator/SpeedTracker.build/Objects-normal/x86_64/SpeedTracker-OutputFileMap.json -use-frontend-parseable-output -save-temps -no-color-diagnostics -explicit-module-build -module-cache-path /Users/minaxi/Library/Developer/Xcode/DerivedData/SpeedTracker-gdcjzmlbkbrgasbvgnezbqdwkadq/Build/Intermediates.noindex/SwiftExplicitPrecompiledModules -clang-scanner-module-cache-path /Users/minaxi/Library/Developer/Xcode/DerivedData/ModuleCache.noindex -sdk-module-cache-path /Users/minaxi/Library/Developer/Xcode/DerivedData/ModuleCache.noindex -serialize-diagnostics -emit-dependencies -emit-module -emit-module-path /Users/minaxi/Library/Developer/Xcode/DerivedData/SpeedTracker-gdcjzmlbkbrgasbvgnezbqdwkadq/Build/Intermediates.noindex/SpeedTracker.build/Debug-iphonesimulator/SpeedTracker.build/Objects-normal/x86_64/SpeedTracker.swiftmodule -validate-clang-modules-once -clang-build-session-file /Users/minaxi/Library/Developer/Xcode/DerivedData/ModuleCache.noindex/Session.modulevalidation -Xcc -I/Users/minaxi/Library/Developer/Xcode/DerivedData/SpeedTracker-gdcjzmlbkbrgasbvgnezbqdwkadq/Build/Intermediates.noindex/SpeedTracker.build/Debug-iphonesimulator/SpeedTracker.build/swift-overrides.hmap -emit-const-values -Xfrontend -const-gather-protocols-file -Xfrontend /Users/minaxi/Library/Developer/Xcode/DerivedData/SpeedTracker-gdcjzmlbkbrgasbvgnezbqdwkadq/Build/Intermediates.noindex/SpeedTracker.build/Debug-iphonesimulator/SpeedTracker.build/Objects-normal/x86_64/SpeedTracker_const_extract_protocols.json -Xcc -iquote -Xcc /Users/minaxi/Library/Developer/Xcode/DerivedData/SpeedTracker-gdcjzmlbkbrgasbvgnezbqdwkadq/Build/Intermediates.noindex/SpeedTracker.build/Debug-iphonesimulator/SpeedTracker.build/SpeedTracker-generated-files.hmap -Xcc -I/Users/minaxi/Library/Developer/Xcode/DerivedData/SpeedTracker-gdcjzmlbkbrgasbvgnezbqdwkadq/Build/Intermediates.noindex/SpeedTracker.build/Debug-iphonesimulator/SpeedTracker.build/SpeedTracker-own-target-headers.hmap -Xcc -I/Users/minaxi/Library/Developer/Xcode/DerivedData/SpeedTracker-gdcjzmlbkbrgasbvgnezbqdwkadq/Build/Intermediates.noindex/SpeedTracker.build/Debug-iphonesimulator/SpeedTracker.build/SpeedTracker-all-target-headers.hmap -Xcc -iquote -Xcc /Users/minaxi/Library/Developer/Xcode/DerivedData/SpeedTracker-gdcjzmlbkbrgasbvgnezbqdwkadq/Build/Intermediates.noindex/SpeedTracker.build/Debug-iphonesimulator/SpeedTracker.build/SpeedTracker-project-headers.hmap -Xcc -I/Users/minaxi/Library/Developer/Xcode/DerivedData/SpeedTracker-gdcjzmlbkbrgasbvgnezbqdwkadq/Build/Products/Debug-iphonesimulator/include -Xcc -I/Users/minaxi/Library/Developer/Xcode/DerivedData/SpeedTracker-gdcjzmlbkbrgasbvgnezbqdwkadq/Build/Intermediates.noindex/SpeedTracker.build/Debug-iphonesimulator/SpeedTracker.build/DerivedSources-normal/x86_64 -Xcc -I/Users/minaxi/Library/Developer/Xcode/DerivedData/SpeedTracker-gdcjzmlbkbrgasbvgnezbqdwkadq/Build/Intermediates.noindex/SpeedTracker.build/Debug-iphonesimulator/SpeedTracker.build/DerivedSources/x86_64 -Xcc -I/Users/minaxi/Library/Developer/Xcode/DerivedData/SpeedTracker-gdcjzmlbkbrgasbvgnezbqdwkadq/Build/Intermediates.noindex/SpeedTracker.build/Debug-iphonesimulator/SpeedTracker.build/DerivedSources -Xcc -DDEBUG\=1 -emit-objc-header -emit-objc-header-path /Users/minaxi/Library/Developer/Xcode/DerivedData/SpeedTracker-gdcjzmlbkbrgasbvgnezbqdwkadq/Build/Intermediates.noindex/SpeedTracker.build/Debug-iphonesimulator/SpeedTracker.build/Objects-normal/x86_64/SpeedTracker-Swift.h -working-directory /Users/minaxi/Desktop/parth\ demo/SpeedTracker -experimental-emit-module-separately -disable-cmo

Ld /Users/minaxi/Library/Developer/Xcode/DerivedData/SpeedTracker-gdcjzmlbkbrgasbvgnezbqdwkadq/Build/Intermediates.noindex/SpeedTracker.build/Debug-iphonesimulator/SpeedTracker.build/Objects-normal/x86_64/Binary/SpeedTracker.debug.dylib normal x86_64 (in target 'SpeedTracker' from project 'SpeedTracker')
    cd /Users/minaxi/Desktop/parth\ demo/SpeedTracker
    /Applications/Xcode.app/Contents/Developer/Toolchains/XcodeDefault.xctoolchain/usr/bin/clang -Xlinker -reproducible -target x86_64-apple-ios26.2-simulator -dynamiclib -isysroot /Applications/Xcode.app/Contents/Developer/Platforms/iPhoneSimulator.platform/Developer/SDKs/iPhoneSimulator26.2.sdk -O0 -L/Users/minaxi/Library/Developer/Xcode/DerivedData/SpeedTracker-gdcjzmlbkbrgasbvgnezbqdwkadq/Build/Intermediates.noindex/EagerLinkingTBDs/Debug-iphonesimulator -L/Users/minaxi/Library/Developer/Xcode/DerivedData/SpeedTracker-gdcjzmlbkbrgasbvgnezbqdwkadq/Build/Products/Debug-iphonesimulator -F/Users/minaxi/Library/Developer/Xcode/DerivedData/SpeedTracker-gdcjzmlbkbrgasbvgnezbqdwkadq/Build/Intermediates.noindex/EagerLinkingTBDs/Debug-iphonesimulator -F/Users/minaxi/Library/Developer/Xcode/DerivedData/SpeedTracker-gdcjzmlbkbrgasbvgnezbqdwkadq/Build/Products/Debug-iphonesimulator -filelist /Users/minaxi/Library/Developer/Xcode/DerivedData/SpeedTracker-gdcjzmlbkbrgasbvgnezbqdwkadq/Build/Intermediates.noindex/SpeedTracker.build/Debug-iphonesimulator/SpeedTracker.build/Objects-normal/x86_64/SpeedTracker.LinkFileList -install_name @rpath/SpeedTracker.debug.dylib -Xlinker -rpath -Xlinker @executable_path/Frameworks -dead_strip -Xlinker -object_path_lto -Xlinker /Users/minaxi/Library/Developer/Xcode/DerivedData/SpeedTracker-gdcjzmlbkbrgasbvgnezbqdwkadq/Build/Intermediates.noindex/SpeedTracker.build/Debug-iphonesimulator/SpeedTracker.build/Objects-normal/x86_64/SpeedTracker_lto.o -rdynamic -Xlinker -no_deduplicate -Xlinker -objc_abi_version -Xlinker 2 -Xlinker -dependency_info -Xlinker /Users/minaxi/Library/Developer/Xcode/DerivedData/SpeedTracker-gdcjzmlbkbrgasbvgnezbqdwkadq/Build/Intermediates.noindex/SpeedTracker.build/Debug-iphonesimulator/SpeedTracker.build/Objects-normal/x86_64/SpeedTracker_dependency_info.dat -fobjc-link-runtime -L/Applications/Xcode.app/Contents/Developer/Toolchains/XcodeDefault.xctoolchain/usr/lib/swift/iphonesimulator -L/usr/lib/swift -Xlinker -add_ast_path -Xlinker /Users/minaxi/Library/Developer/Xcode/DerivedData/SpeedTracker-gdcjzmlbkbrgasbvgnezbqdwkadq/Build/Intermediates.noindex/SpeedTracker.build/Debug-iphonesimulator/SpeedTracker.build/Objects-normal/x86_64/SpeedTracker.swiftmodule @/Users/minaxi/Library/Developer/Xcode/DerivedData/SpeedTracker-gdcjzmlbkbrgasbvgnezbqdwkadq/Build/Intermediates.noindex/SpeedTracker.build/Debug-iphonesimulator/SpeedTracker.build/Objects-normal/x86_64/SpeedTracker-linker-args.resp -Xlinker -alias -Xlinker _main -Xlinker ___debug_main_executable_dylib_entry_point -Xlinker -no_adhoc_codesign -o /Users/minaxi/Library/Developer/Xcode/DerivedData/SpeedTracker-gdcjzmlbkbrgasbvgnezbqdwkadq/Build/Intermediates.noindex/SpeedTracker.build/Debug-iphonesimulator/SpeedTracker.build/Objects-normal/x86_64/Binary/SpeedTracker.debug.dylib

CreateUniversalBinary /Users/minaxi/Library/Developer/Xcode/DerivedData/SpeedTracker-gdcjzmlbkbrgasbvgnezbqdwkadq/Build/Products/Debug-iphonesimulator/SpeedTracker.app/SpeedTracker.debug.dylib normal arm64\ x86_64 (in target 'SpeedTracker' from project 'SpeedTracker')
    cd /Users/minaxi/Desktop/parth\ demo/SpeedTracker
    /Applications/Xcode.app/Contents/Developer/Toolchains/XcodeDefault.xctoolchain/usr/bin/lipo -create /Users/minaxi/Library/Developer/Xcode/DerivedData/SpeedTracker-gdcjzmlbkbrgasbvgnezbqdwkadq/Build/Intermediates.noindex/SpeedTracker.build/Debug-iphonesimulator/SpeedTracker.build/Objects-normal/arm64/Binary/SpeedTracker.debug.dylib /Users/minaxi/Library/Developer/Xcode/DerivedData/SpeedTracker-gdcjzmlbkbrgasbvgnezbqdwkadq/Build/Intermediates.noindex/SpeedTracker.build/Debug-iphonesimulator/SpeedTracker.build/Objects-normal/x86_64/Binary/SpeedTracker.debug.dylib -output /Users/minaxi/Library/Developer/Xcode/DerivedData/SpeedTracker-gdcjzmlbkbrgasbvgnezbqdwkadq/Build/Products/Debug-iphonesimulator/SpeedTracker.app/SpeedTracker.debug.dylib

ConstructStubExecutorLinkFileList /Users/minaxi/Library/Developer/Xcode/DerivedData/SpeedTracker-gdcjzmlbkbrgasbvgnezbqdwkadq/Build/Intermediates.noindex/SpeedTracker.build/Debug-iphonesimulator/SpeedTracker.build/SpeedTracker-ExecutorLinkFileList-normal-x86_64.txt (in target 'SpeedTracker' from project 'SpeedTracker')
    cd /Users/minaxi/Desktop/parth\ demo/SpeedTracker
    construct-stub-executor-link-file-list /Users/minaxi/Library/Developer/Xcode/DerivedData/SpeedTracker-gdcjzmlbkbrgasbvgnezbqdwkadq/Build/Intermediates.noindex/SpeedTracker.build/Debug-iphonesimulator/SpeedTracker.build/Objects-normal/x86_64/Binary/SpeedTracker.debug.dylib /Applications/Xcode.app/Contents/Developer/Platforms/iPhoneSimulator.platform/Developer/usr/lib/libPreviewsJITStubExecutor_no_swift_entry_point.a /Applications/Xcode.app/Contents/Developer/Platforms/iPhoneSimulator.platform/Developer/usr/lib/libPreviewsJITStubExecutor.a --output /Users/minaxi/Library/Developer/Xcode/DerivedData/SpeedTracker-gdcjzmlbkbrgasbvgnezbqdwkadq/Build/Intermediates.noindex/SpeedTracker.build/Debug-iphonesimulator/SpeedTracker.build/SpeedTracker-ExecutorLinkFileList-normal-x86_64.txt
note: Using stub executor library with Swift entry point. (in target 'SpeedTracker' from project 'SpeedTracker')

Ld /Users/minaxi/Library/Developer/Xcode/DerivedData/SpeedTracker-gdcjzmlbkbrgasbvgnezbqdwkadq/Build/Intermediates.noindex/SpeedTracker.build/Debug-iphonesimulator/SpeedTracker.build/Objects-normal/x86_64/Binary/SpeedTracker normal x86_64 (in target 'SpeedTracker' from project 'SpeedTracker')
    cd /Users/minaxi/Desktop/parth\ demo/SpeedTracker
    /Applications/Xcode.app/Contents/Developer/Toolchains/XcodeDefault.xctoolchain/usr/bin/clang -Xlinker -reproducible -target x86_64-apple-ios26.2-simulator -isysroot /Applications/Xcode.app/Contents/Developer/Platforms/iPhoneSimulator.platform/Developer/SDKs/iPhoneSimulator26.2.sdk -O0 -L/Users/minaxi/Library/Developer/Xcode/DerivedData/SpeedTracker-gdcjzmlbkbrgasbvgnezbqdwkadq/Build/Products/Debug-iphonesimulator -F/Users/minaxi/Library/Developer/Xcode/DerivedData/SpeedTracker-gdcjzmlbkbrgasbvgnezbqdwkadq/Build/Products/Debug-iphonesimulator -Xlinker -rpath -Xlinker @executable_path -Xlinker -rpath -Xlinker @executable_path/Frameworks -rdynamic -Xlinker -no_deduplicate -Xlinker -objc_abi_version -Xlinker 2 -e ___debug_blank_executor_main -Xlinker -sectcreate -Xlinker __TEXT -Xlinker __debug_dylib -Xlinker /Users/minaxi/Library/Developer/Xcode/DerivedData/SpeedTracker-gdcjzmlbkbrgasbvgnezbqdwkadq/Build/Intermediates.noindex/SpeedTracker.build/Debug-iphonesimulator/SpeedTracker.build/SpeedTracker-DebugDylibPath-normal-x86_64.txt -Xlinker -sectcreate -Xlinker __TEXT -Xlinker __debug_instlnm -Xlinker /Users/minaxi/Library/Developer/Xcode/DerivedData/SpeedTracker-gdcjzmlbkbrgasbvgnezbqdwkadq/Build/Intermediates.noindex/SpeedTracker.build/Debug-iphonesimulator/SpeedTracker.build/SpeedTracker-DebugDylibInstallName-normal-x86_64.txt -Xlinker -filelist -Xlinker /Users/minaxi/Library/Developer/Xcode/DerivedData/SpeedTracker-gdcjzmlbkbrgasbvgnezbqdwkadq/Build/Intermediates.noindex/SpeedTracker.build/Debug-iphonesimulator/SpeedTracker.build/SpeedTracker-ExecutorLinkFileList-normal-x86_64.txt -Xlinker -sectcreate -Xlinker __TEXT -Xlinker __entitlements -Xlinker /Users/minaxi/Library/Developer/Xcode/DerivedData/SpeedTracker-gdcjzmlbkbrgasbvgnezbqdwkadq/Build/Intermediates.noindex/SpeedTracker.build/Debug-iphonesimulator/SpeedTracker.build/SpeedTracker.app-Simulated.xcent -Xlinker -sectcreate -Xlinker __TEXT -Xlinker __ents_der -Xlinker /Users/minaxi/Library/Developer/Xcode/DerivedData/SpeedTracker-gdcjzmlbkbrgasbvgnezbqdwkadq/Build/Intermediates.noindex/SpeedTracker.build/Debug-iphonesimulator/SpeedTracker.build/SpeedTracker.app-Simulated.xcent.der /Users/minaxi/Library/Developer/Xcode/DerivedData/SpeedTracker-gdcjzmlbkbrgasbvgnezbqdwkadq/Build/Intermediates.noindex/SpeedTracker.build/Debug-iphonesimulator/SpeedTracker.build/Objects-normal/x86_64/Binary/SpeedTracker.debug.dylib -Xlinker -no_adhoc_codesign -o /Users/minaxi/Library/Developer/Xcode/DerivedData/SpeedTracker-gdcjzmlbkbrgasbvgnezbqdwkadq/Build/Intermediates.noindex/SpeedTracker.build/Debug-iphonesimulator/SpeedTracker.build/Objects-normal/x86_64/Binary/SpeedTracker

CreateUniversalBinary /Users/minaxi/Library/Developer/Xcode/DerivedData/SpeedTracker-gdcjzmlbkbrgasbvgnezbqdwkadq/Build/Products/Debug-iphonesimulator/SpeedTracker.app/SpeedTracker normal arm64\ x86_64 (in target 'SpeedTracker' from project 'SpeedTracker')
    cd /Users/minaxi/Desktop/parth\ demo/SpeedTracker
    /Applications/Xcode.app/Contents/Developer/Toolchains/XcodeDefault.xctoolchain/usr/bin/lipo -create /Users/minaxi/Library/Developer/Xcode/DerivedData/SpeedTracker-gdcjzmlbkbrgasbvgnezbqdwkadq/Build/Intermediates.noindex/SpeedTracker.build/Debug-iphonesimulator/SpeedTracker.build/Objects-normal/arm64/Binary/SpeedTracker /Users/minaxi/Library/Developer/Xcode/DerivedData/SpeedTracker-gdcjzmlbkbrgasbvgnezbqdwkadq/Build/Intermediates.noindex/SpeedTracker.build/Debug-iphonesimulator/SpeedTracker.build/Objects-normal/x86_64/Binary/SpeedTracker -output /Users/minaxi/Library/Developer/Xcode/DerivedData/SpeedTracker-gdcjzmlbkbrgasbvgnezbqdwkadq/Build/Products/Debug-iphonesimulator/SpeedTracker.app/SpeedTracker

CopySwiftLibs /Users/minaxi/Library/Developer/Xcode/DerivedData/SpeedTracker-gdcjzmlbkbrgasbvgnezbqdwkadq/Build/Products/Debug-iphonesimulator/SpeedTracker.app (in target 'SpeedTracker' from project 'SpeedTracker')
    cd /Users/minaxi/Desktop/parth\ demo/SpeedTracker
    builtin-swiftStdLibTool --copy --verbose --sign - --scan-executable /Users/minaxi/Library/Developer/Xcode/DerivedData/SpeedTracker-gdcjzmlbkbrgasbvgnezbqdwkadq/Build/Products/Debug-iphonesimulator/SpeedTracker.app/SpeedTracker.debug.dylib --scan-folder /Users/minaxi/Library/Developer/Xcode/DerivedData/SpeedTracker-gdcjzmlbkbrgasbvgnezbqdwkadq/Build/Products/Debug-iphonesimulator/SpeedTracker.app/Frameworks --scan-folder /Users/minaxi/Library/Developer/Xcode/DerivedData/SpeedTracker-gdcjzmlbkbrgasbvgnezbqdwkadq/Build/Products/Debug-iphonesimulator/SpeedTracker.app/PlugIns --scan-folder /Users/minaxi/Library/Developer/Xcode/DerivedData/SpeedTracker-gdcjzmlbkbrgasbvgnezbqdwkadq/Build/Products/Debug-iphonesimulator/SpeedTracker.app/SystemExtensions --scan-folder /Users/minaxi/Library/Developer/Xcode/DerivedData/SpeedTracker-gdcjzmlbkbrgasbvgnezbqdwkadq/Build/Products/Debug-iphonesimulator/SpeedTracker.app/Extensions --platform iphonesimulator --toolchain /Applications/Xcode.app/Contents/Developer/Toolchains/XcodeDefault.xctoolchain --destination /Users/minaxi/Library/Developer/Xcode/DerivedData/SpeedTracker-gdcjzmlbkbrgasbvgnezbqdwkadq/Build/Products/Debug-iphonesimulator/SpeedTracker.app/Frameworks --strip-bitcode --strip-bitcode-tool /Applications/Xcode.app/Contents/Developer/Toolchains/XcodeDefault.xctoolchain/usr/bin/bitcode_strip --emit-dependency-info /Users/minaxi/Library/Developer/Xcode/DerivedData/SpeedTracker-gdcjzmlbkbrgasbvgnezbqdwkadq/Build/Intermediates.noindex/SpeedTracker.build/Debug-iphonesimulator/SpeedTracker.build/SwiftStdLibToolInputDependencies.dep --filter-for-swift-os

ExtractAppIntentsMetadata (in target 'SpeedTracker' from project 'SpeedTracker')
    cd /Users/minaxi/Desktop/parth\ demo/SpeedTracker
    /Applications/Xcode.app/Contents/Developer/Toolchains/XcodeDefault.xctoolchain/usr/bin/appintentsmetadataprocessor --toolchain-dir /Applications/Xcode.app/Contents/Developer/Toolchains/XcodeDefault.xctoolchain --module-name SpeedTracker --sdk-root /Applications/Xcode.app/Contents/Developer/Platforms/iPhoneSimulator.platform/Developer/SDKs/iPhoneSimulator26.2.sdk --xcode-version 17C529 --platform-family iOS --deployment-target 26.2 --bundle-identifier com.centillion.SpeedTracker --output /Users/minaxi/Library/Developer/Xcode/DerivedData/SpeedTracker-gdcjzmlbkbrgasbvgnezbqdwkadq/Build/Products/Debug-iphonesimulator/SpeedTracker.app --target-triple arm64-apple-ios26.2-simulator --target-triple x86_64-apple-ios26.2-simulator --binary-file /Users/minaxi/Library/Developer/Xcode/DerivedData/SpeedTracker-gdcjzmlbkbrgasbvgnezbqdwkadq/Build/Products/Debug-iphonesimulator/SpeedTracker.app/SpeedTracker --dependency-file /Users/minaxi/Library/Developer/Xcode/DerivedData/SpeedTracker-gdcjzmlbkbrgasbvgnezbqdwkadq/Build/Intermediates.noindex/SpeedTracker.build/Debug-iphonesimulator/SpeedTracker.build/Objects-normal/arm64/SpeedTracker_dependency_info.dat --dependency-file /Users/minaxi/Library/Developer/Xcode/DerivedData/SpeedTracker-gdcjzmlbkbrgasbvgnezbqdwkadq/Build/Intermediates.noindex/SpeedTracker.build/Debug-iphonesimulator/SpeedTracker.build/Objects-normal/x86_64/SpeedTracker_dependency_info.dat --stringsdata-file /Users/minaxi/Library/Developer/Xcode/DerivedData/SpeedTracker-gdcjzmlbkbrgasbvgnezbqdwkadq/Build/Intermediates.noindex/SpeedTracker.build/Debug-iphonesimulator/SpeedTracker.build/Objects-normal/arm64/ExtractedAppShortcutsMetadata.stringsdata --stringsdata-file /Users/minaxi/Library/Developer/Xcode/DerivedData/SpeedTracker-gdcjzmlbkbrgasbvgnezbqdwkadq/Build/Intermediates.noindex/SpeedTracker.build/Debug-iphonesimulator/SpeedTracker.build/Objects-normal/x86_64/ExtractedAppShortcutsMetadata.stringsdata --source-file-list /Users/minaxi/Library/Developer/Xcode/DerivedData/SpeedTracker-gdcjzmlbkbrgasbvgnezbqdwkadq/Build/Intermediates.noindex/SpeedTracker.build/Debug-iphonesimulator/SpeedTracker.build/Objects-normal/arm64/SpeedTracker.SwiftFileList --source-file-list /Users/minaxi/Library/Developer/Xcode/DerivedData/SpeedTracker-gdcjzmlbkbrgasbvgnezbqdwkadq/Build/Intermediates.noindex/SpeedTracker.build/Debug-iphonesimulator/SpeedTracker.build/Objects-normal/x86_64/SpeedTracker.SwiftFileList --metadata-file-list /Users/minaxi/Library/Developer/Xcode/DerivedData/SpeedTracker-gdcjzmlbkbrgasbvgnezbqdwkadq/Build/Intermediates.noindex/SpeedTracker.build/Debug-iphonesimulator/SpeedTracker.build/SpeedTracker.DependencyMetadataFileList --static-metadata-file-list /Users/minaxi/Library/Developer/Xcode/DerivedData/SpeedTracker-gdcjzmlbkbrgasbvgnezbqdwkadq/Build/Intermediates.noindex/SpeedTracker.build/Debug-iphonesimulator/SpeedTracker.build/SpeedTracker.DependencyStaticMetadataFileList --swift-const-vals-list /Users/minaxi/Library/Developer/Xcode/DerivedData/SpeedTracker-gdcjzmlbkbrgasbvgnezbqdwkadq/Build/Intermediates.noindex/SpeedTracker.build/Debug-iphonesimulator/SpeedTracker.build/Objects-normal/arm64/SpeedTracker.SwiftConstValuesFileList --swift-const-vals-list /Users/minaxi/Library/Developer/Xcode/DerivedData/SpeedTracker-gdcjzmlbkbrgasbvgnezbqdwkadq/Build/Intermediates.noindex/SpeedTracker.build/Debug-iphonesimulator/SpeedTracker.build/Objects-normal/x86_64/SpeedTracker.SwiftConstValuesFileList --compile-time-extraction --deployment-aware-processing --validate-assistant-intents --no-app-shortcuts-localization
2026-04-08 20:30:37.203 appintentsmetadataprocessor[2246:6517861] Starting appintentsmetadataprocessor export
2026-04-08 20:30:37.205 appintentsmetadataprocessor[2246:6517861] warning: Metadata extraction skipped. No AppIntents.framework dependency found.

AppIntentsSSUTraining (in target 'SpeedTracker' from project 'SpeedTracker')
    cd /Users/minaxi/Desktop/parth\ demo/SpeedTracker
    /Applications/Xcode.app/Contents/Developer/Toolchains/XcodeDefault.xctoolchain/usr/bin/appintentsnltrainingprocessor --infoplist-path /Users/minaxi/Library/Developer/Xcode/DerivedData/SpeedTracker-gdcjzmlbkbrgasbvgnezbqdwkadq/Build/Products/Debug-iphonesimulator/SpeedTracker.app/Info.plist --temp-dir-path /Users/minaxi/Library/Developer/Xcode/DerivedData/SpeedTracker-gdcjzmlbkbrgasbvgnezbqdwkadq/Build/Intermediates.noindex/SpeedTracker.build/Debug-iphonesimulator/SpeedTracker.build/ssu --bundle-id com.centillion.SpeedTracker --product-path /Users/minaxi/Library/Developer/Xcode/DerivedData/SpeedTracker-gdcjzmlbkbrgasbvgnezbqdwkadq/Build/Products/Debug-iphonesimulator/SpeedTracker.app --extracted-metadata-path /Users/minaxi/Library/Developer/Xcode/DerivedData/SpeedTracker-gdcjzmlbkbrgasbvgnezbqdwkadq/Build/Products/Debug-iphonesimulator/SpeedTracker.app/Metadata.appintents --metadata-file-list /Users/minaxi/Library/Developer/Xcode/DerivedData/SpeedTracker-gdcjzmlbkbrgasbvgnezbqdwkadq/Build/Intermediates.noindex/SpeedTracker.build/Debug-iphonesimulator/SpeedTracker.build/SpeedTracker.DependencyMetadataFileList --archive-ssu-assets
2026-04-08 20:30:37.229 appintentsnltrainingprocessor[2247:6517863] Parsing options for appintentsnltrainingprocessor
2026-04-08 20:30:37.230 appintentsnltrainingprocessor[2247:6517863] No AppShortcuts found - Skipping.

CodeSign /Users/minaxi/Library/Developer/Xcode/DerivedData/SpeedTracker-gdcjzmlbkbrgasbvgnezbqdwkadq/Build/Products/Debug-iphonesimulator/SpeedTracker.app/SpeedTracker.debug.dylib (in target 'SpeedTracker' from project 'SpeedTracker')
    cd /Users/minaxi/Desktop/parth\ demo/SpeedTracker
    
    Signing Identity:     "Sign to Run Locally"
    
    /usr/bin/codesign --force --sign - --timestamp\=none --generate-entitlement-der /Users/minaxi/Library/Developer/Xcode/DerivedData/SpeedTracker-gdcjzmlbkbrgasbvgnezbqdwkadq/Build/Products/Debug-iphonesimulator/SpeedTracker.app/SpeedTracker.debug.dylib

CodeSign /Users/minaxi/Library/Developer/Xcode/DerivedData/SpeedTracker-gdcjzmlbkbrgasbvgnezbqdwkadq/Build/Products/Debug-iphonesimulator/SpeedTracker.app/__preview.dylib (in target 'SpeedTracker' from project 'SpeedTracker')
    cd /Users/minaxi/Desktop/parth\ demo/SpeedTracker
    
    Signing Identity:     "Sign to Run Locally"
    
    /usr/bin/codesign --force --sign - --timestamp\=none --generate-entitlement-der /Users/minaxi/Library/Developer/Xcode/DerivedData/SpeedTracker-gdcjzmlbkbrgasbvgnezbqdwkadq/Build/Products/Debug-iphonesimulator/SpeedTracker.app/__preview.dylib

CodeSign /Users/minaxi/Library/Developer/Xcode/DerivedData/SpeedTracker-gdcjzmlbkbrgasbvgnezbqdwkadq/Build/Products/Debug-iphonesimulator/SpeedTracker.app (in target 'SpeedTracker' from project 'SpeedTracker')
    cd /Users/minaxi/Desktop/parth\ demo/SpeedTracker
    
    Signing Identity:     "Sign to Run Locally"
    
    /usr/bin/codesign --force --sign - --timestamp\=none --generate-entitlement-der /Users/minaxi/Library/Developer/Xcode/DerivedData/SpeedTracker-gdcjzmlbkbrgasbvgnezbqdwkadq/Build/Products/Debug-iphonesimulator/SpeedTracker.app

Validate /Users/minaxi/Library/Developer/Xcode/DerivedData/SpeedTracker-gdcjzmlbkbrgasbvgnezbqdwkadq/Build/Products/Debug-iphonesimulator/SpeedTracker.app (in target 'SpeedTracker' from project 'SpeedTracker')
    cd /Users/minaxi/Desktop/parth\ demo/SpeedTracker
    builtin-validationUtility /Users/minaxi/Library/Developer/Xcode/DerivedData/SpeedTracker-gdcjzmlbkbrgasbvgnezbqdwkadq/Build/Products/Debug-iphonesimulator/SpeedTracker.app -shallow-bundle -infoplist-subpath Info.plist

** BUILD SUCCEEDED **

